22-Aug-2012 9:45:48 AM org.apache.catalina.core.AprLifecycleListener init
INFO: Loaded APR based Apache Tomcat Native library 1.1.22.
22-Aug-2012 9:45:49 AM org.apache.catalina.core.AprLifecycleListener init
INFO: APR capabilities: IPv6 [false], sendfile [true], accept filters [false], random [true].
22-Aug-2012 9:45:50 AM org.apache.coyote.http11.Http11AprProtocol init
INFO: Initializing Coyote HTTP/1.1 on http-8080
22-Aug-2012 9:45:50 AM org.apache.coyote.ajp.AjpAprProtocol init
INFO: Initializing Coyote AJP/1.3 on ajp-8009
22-Aug-2012 9:45:50 AM org.apache.catalina.startup.Catalina load
INFO: Initialization processed in 3082 ms
22-Aug-2012 9:45:51 AM org.apache.catalina.core.StandardService start
INFO: Starting service Catalina
22-Aug-2012 9:45:51 AM org.apache.catalina.core.StandardEngine start
INFO: Starting Servlet Engine: Apache Tomcat/6.0.35
22-Aug-2012 9:45:51 AM org.apache.catalina.startup.HostConfig deployDescriptor
INFO: Deploying configuration descriptor host-manager.xml
22-Aug-2012 9:45:51 AM org.apache.catalina.startup.HostConfig deployDescriptor
INFO: Deploying configuration descriptor manager.xml
22-Aug-2012 9:45:51 AM org.apache.catalina.startup.HostConfig deployWAR
INFO: Deploying web application archive probe.war
22-Aug-2012 9:45:59 AM org.apache.catalina.startup.HostConfig deployDirectory
INFO: Deploying web application directory docs
22-Aug-2012 9:45:59 AM org.apache.catalina.startup.HostConfig deployDirectory
INFO: Deploying web application directory ECAI2012DocSymposiumChair
22-Aug-2012 9:45:59 AM org.apache.catalina.loader.WebappClassLoader validateJarFile
INFO: validateJarFile(C:\SymposiumPlanner2012\TomcatSP12\webapps\ECAI2012DocSymposiumChair\WEB-INF\lib\j2ee-1.4.jar) - jar not loaded. See Servlet Spec 2.3, section 9.7.2. Offending class: javax/servlet/Servlet.class
22-Aug-2012 9:45:59 AM org.apache.catalina.startup.HostConfig deployDirectory
INFO: Deploying web application directory ECAI2012GeneralChair
22-Aug-2012 9:46:00 AM org.apache.catalina.loader.WebappClassLoader validateJarFile
INFO: validateJarFile(C:\SymposiumPlanner2012\TomcatSP12\webapps\ECAI2012GeneralChair\WEB-INF\lib\j2ee-1.4.jar) - jar not loaded. See Servlet Spec 2.3, section 9.7.2. Offending class: javax/servlet/Servlet.class
22-Aug-2012 9:46:00 AM org.apache.catalina.startup.HostConfig deployDirectory
INFO: Deploying web application directory ECAI2012IntlRuleChalChair
22-Aug-2012 9:46:02 AM org.apache.catalina.loader.WebappClassLoader validateJarFile
INFO: validateJarFile(C:\SymposiumPlanner2012\TomcatSP12\webapps\ECAI2012IntlRuleChalChair\WEB-INF\lib\j2ee-1.4.jar) - jar not loaded. See Servlet Spec 2.3, section 9.7.2. Offending class: javax/servlet/Servlet.class
22-Aug-2012 9:46:02 AM org.apache.catalina.startup.HostConfig deployDirectory
INFO: Deploying web application directory ECAI2012IntlRuleChalSteerCommitChair
22-Aug-2012 9:46:03 AM org.apache.catalina.loader.WebappClassLoader validateJarFile
INFO: validateJarFile(C:\SymposiumPlanner2012\TomcatSP12\webapps\ECAI2012IntlRuleChalSteerCommitChair\WEB-INF\lib\j2ee-1.4.jar) - jar not loaded. See Servlet Spec 2.3, section 9.7.2. Offending class: javax/servlet/Servlet.class
22-Aug-2012 9:46:03 AM org.apache.catalina.startup.HostConfig deployDirectory
INFO: Deploying web application directory ECAI2012LiaisonChair
22-Aug-2012 9:46:04 AM org.apache.catalina.loader.WebappClassLoader validateJarFile
INFO: validateJarFile(C:\SymposiumPlanner2012\TomcatSP12\webapps\ECAI2012LiaisonChair\WEB-INF\lib\j2ee-1.4.jar) - jar not loaded. See Servlet Spec 2.3, section 9.7.2. Offending class: javax/servlet/Servlet.class
22-Aug-2012 9:46:04 AM org.apache.catalina.startup.HostConfig deployDirectory
INFO: Deploying web application directory ECAI2012LocalChair
22-Aug-2012 9:46:04 AM org.apache.catalina.loader.WebappClassLoader validateJarFile
INFO: validateJarFile(C:\SymposiumPlanner2012\TomcatSP12\webapps\ECAI2012LocalChair\WEB-INF\lib\j2ee-1.4.jar) - jar not loaded. See Servlet Spec 2.3, section 9.7.2. Offending class: javax/servlet/Servlet.class
22-Aug-2012 9:46:05 AM org.apache.catalina.startup.HostConfig deployDirectory
INFO: Deploying web application directory ECAI2012MetaAndSocialChair
22-Aug-2012 9:46:05 AM org.apache.catalina.loader.WebappClassLoader validateJarFile
INFO: validateJarFile(C:\SymposiumPlanner2012\TomcatSP12\webapps\ECAI2012MetaAndSocialChair\WEB-INF\lib\j2ee-1.4.jar) - jar not loaded. See Servlet Spec 2.3, section 9.7.2. Offending class: javax/servlet/Servlet.class
22-Aug-2012 9:46:05 AM org.apache.catalina.startup.HostConfig deployDirectory
INFO: Deploying web application directory ECAI2012PanelChair
22-Aug-2012 9:46:06 AM org.apache.catalina.loader.WebappClassLoader validateJarFile
INFO: validateJarFile(C:\SymposiumPlanner2012\TomcatSP12\webapps\ECAI2012PanelChair\WEB-INF\lib\j2ee-1.4.jar) - jar not loaded. See Servlet Spec 2.3, section 9.7.2. Offending class: javax/servlet/Servlet.class
22-Aug-2012 9:46:06 AM org.apache.catalina.startup.HostConfig deployDirectory
INFO: Deploying web application directory ECAI2012ProgramChair
22-Aug-2012 9:46:07 AM org.apache.catalina.loader.WebappClassLoader validateJarFile
INFO: validateJarFile(C:\SymposiumPlanner2012\TomcatSP12\webapps\ECAI2012ProgramChair\WEB-INF\lib\j2ee-1.4.jar) - jar not loaded. See Servlet Spec 2.3, section 9.7.2. Offending class: javax/servlet/Servlet.class
22-Aug-2012 9:46:07 AM org.apache.catalina.startup.HostConfig deployDirectory
INFO: Deploying web application directory ECAI2012PublicityChair
22-Aug-2012 9:46:07 AM org.apache.catalina.loader.WebappClassLoader validateJarFile
INFO: validateJarFile(C:\SymposiumPlanner2012\TomcatSP12\webapps\ECAI2012PublicityChair\WEB-INF\lib\j2ee-1.4.jar) - jar not loaded. See Servlet Spec 2.3, section 9.7.2. Offending class: javax/servlet/Servlet.class
22-Aug-2012 9:46:08 AM org.apache.catalina.startup.HostConfig deployDirectory
INFO: Deploying web application directory ECAI2012SteeringChair
22-Aug-2012 9:46:08 AM org.apache.catalina.loader.WebappClassLoader validateJarFile
INFO: validateJarFile(C:\SymposiumPlanner2012\TomcatSP12\webapps\ECAI2012SteeringChair\WEB-INF\lib\j2ee-1.4.jar) - jar not loaded. See Servlet Spec 2.3, section 9.7.2. Offending class: javax/servlet/Servlet.class
22-Aug-2012 9:46:08 AM org.apache.catalina.startup.HostConfig deployDirectory
INFO: Deploying web application directory examples
22-Aug-2012 9:46:09 AM org.apache.catalina.startup.HostConfig deployDirectory
INFO: Deploying web application directory ROOT
22-Aug-2012 9:46:09 AM org.apache.catalina.startup.HostConfig deployDirectory
INFO: Deploying web application directory RuleML-2012-ECAI
22-Aug-2012 9:46:09 AM org.apache.catalina.startup.HostConfig deployDirectory
INFO: Deploying web application directory RuleML-2012-STRUCT
22-Aug-2012 9:46:09 AM org.apache.catalina.startup.HostConfig deployDirectory
INFO: Deploying web application directory STRUCT2012AdvisoryBoard
22-Aug-2012 9:46:09 AM org.apache.catalina.loader.WebappClassLoader validateJarFile
INFO: validateJarFile(C:\SymposiumPlanner2012\TomcatSP12\webapps\STRUCT2012AdvisoryBoard\WEB-INF\lib\j2ee-1.4.jar) - jar not loaded. See Servlet Spec 2.3, section 9.7.2. Offending class: javax/servlet/Servlet.class
22-Aug-2012 9:46:10 AM org.apache.catalina.startup.HostConfig deployDirectory
INFO: Deploying web application directory STRUCT2012CEI
22-Aug-2012 9:46:10 AM org.apache.catalina.loader.WebappClassLoader validateJarFile
INFO: validateJarFile(C:\SymposiumPlanner2012\TomcatSP12\webapps\STRUCT2012CEI\WEB-INF\lib\j2ee-1.4.jar) - jar not loaded. See Servlet Spec 2.3, section 9.7.2. Offending class: javax/servlet/Servlet.class
22-Aug-2012 9:46:10 AM org.apache.catalina.startup.HostConfig deployDirectory
INFO: Deploying web application directory STRUCT2012CoChairs
22-Aug-2012 9:46:11 AM org.apache.catalina.loader.WebappClassLoader validateJarFile
INFO: validateJarFile(C:\SymposiumPlanner2012\TomcatSP12\webapps\STRUCT2012CoChairs\WEB-INF\lib\j2ee-1.4.jar) - jar not loaded. See Servlet Spec 2.3, section 9.7.2. Offending class: javax/servlet/Servlet.class
22-Aug-2012 9:46:11 AM org.apache.catalina.startup.HostConfig deployDirectory
INFO: Deploying web application directory STRUCT2012DefeasibleLogic
22-Aug-2012 9:46:11 AM org.apache.catalina.loader.WebappClassLoader validateJarFile
INFO: validateJarFile(C:\SymposiumPlanner2012\TomcatSP12\webapps\STRUCT2012DefeasibleLogic\WEB-INF\lib\j2ee-1.4.jar) - jar not loaded. See Servlet Spec 2.3, section 9.7.2. Offending class: javax/servlet/Servlet.class
22-Aug-2012 9:46:12 AM org.apache.catalina.startup.HostConfig deployDirectory
INFO: Deploying web application directory STRUCT2012MAS
22-Aug-2012 9:46:12 AM org.apache.catalina.loader.WebappClassLoader validateJarFile
INFO: validateJarFile(C:\SymposiumPlanner2012\TomcatSP12\webapps\STRUCT2012MAS\WEB-INF\lib\j2ee-1.4.jar) - jar not loaded. See Servlet Spec 2.3, section 9.7.2. Offending class: javax/servlet/Servlet.class
22-Aug-2012 9:46:12 AM org.apache.catalina.startup.HostConfig deployDirectory
INFO: Deploying web application directory STRUCT2012ModalLogic
22-Aug-2012 9:46:13 AM org.apache.catalina.loader.WebappClassLoader validateJarFile
INFO: validateJarFile(C:\SymposiumPlanner2012\TomcatSP12\webapps\STRUCT2012ModalLogic\WEB-INF\lib\j2ee-1.4.jar) - jar not loaded. See Servlet Spec 2.3, section 9.7.2. Offending class: javax/servlet/Servlet.class
22-Aug-2012 9:46:13 AM org.apache.catalina.startup.HostConfig deployDirectory
INFO: Deploying web application directory STRUCT2012PSOA
22-Aug-2012 9:46:14 AM org.apache.catalina.loader.WebappClassLoader validateJarFile
INFO: validateJarFile(C:\SymposiumPlanner2012\TomcatSP12\webapps\STRUCT2012PSOA\WEB-INF\lib\j2ee-1.4.jar) - jar not loaded. See Servlet Spec 2.3, section 9.7.2. Offending class: javax/servlet/Servlet.class
22-Aug-2012 9:46:14 AM org.apache.catalina.startup.HostConfig deployDirectory
INFO: Deploying web application directory STRUCT2012ReactionRules
22-Aug-2012 9:46:14 AM org.apache.catalina.loader.WebappClassLoader validateJarFile
INFO: validateJarFile(C:\SymposiumPlanner2012\TomcatSP12\webapps\STRUCT2012ReactionRules\WEB-INF\lib\j2ee-1.4.jar) - jar not loaded. See Servlet Spec 2.3, section 9.7.2. Offending class: javax/servlet/Servlet.class
22-Aug-2012 9:46:15 AM org.apache.catalina.startup.HostConfig deployDirectory
INFO: Deploying web application directory STRUCT2012TGAgent
22-Aug-2012 9:46:15 AM org.apache.catalina.loader.WebappClassLoader validateJarFile
INFO: validateJarFile(C:\SymposiumPlanner2012\TomcatSP12\webapps\STRUCT2012TGAgent\WEB-INF\lib\j2ee-1.4.jar) - jar not loaded. See Servlet Spec 2.3, section 9.7.2. Offending class: javax/servlet/Servlet.class
22-Aug-2012 9:46:15 AM org.apache.catalina.startup.HostConfig deployDirectory
INFO: Deploying web application directory STRUCT2012UnCertReason
22-Aug-2012 9:46:16 AM org.apache.catalina.loader.WebappClassLoader validateJarFile
INFO: validateJarFile(C:\SymposiumPlanner2012\TomcatSP12\webapps\STRUCT2012UnCertReason\WEB-INF\lib\j2ee-1.4.jar) - jar not loaded. See Servlet Spec 2.3, section 9.7.2. Offending class: javax/servlet/Servlet.class
22-Aug-2012 9:46:16 AM org.apache.catalina.startup.HostConfig deployDirectory
INFO: Deploying web application directory SymposiumPlannerSystem
22-Aug-2012 9:46:16 AM org.apache.coyote.http11.Http11AprProtocol start
INFO: Starting Coyote HTTP/1.1 on http-8080
22-Aug-2012 9:46:16 AM org.apache.coyote.ajp.AjpAprProtocol start
INFO: Starting Coyote AJP/1.3 on ajp-8009
22-Aug-2012 9:46:16 AM org.apache.catalina.startup.Catalina start
INFO: Server startup in 25649 ms
22-Aug-2012 10:27:52 AM org.apache.coyote.http11.Http11AprProtocol pause
INFO: Pausing Coyote HTTP/1.1 on http-8080
22-Aug-2012 10:27:52 AM org.apache.coyote.ajp.AjpAprProtocol pause
INFO: Pausing Coyote AJP/1.3 on ajp-8009
22-Aug-2012 10:27:53 AM org.apache.catalina.core.StandardService stop
INFO: Stopping service Catalina
22-Aug-2012 10:27:55 AM org.apache.catalina.loader.WebappClassLoader clearReferencesThreads
SEVERE: The web application [/probe] appears to have started a thread named [scheduler_Worker-2] but has failed to stop it. This is very likely to create a memory leak.
22-Aug-2012 10:27:55 AM org.apache.catalina.loader.WebappClassLoader clearReferencesThreads
SEVERE: The web application [/probe] appears to have started a thread named [scheduler_Worker-4] but has failed to stop it. This is very likely to create a memory leak.
22-Aug-2012 10:27:55 AM org.apache.catalina.loader.WebappClassLoader clearReferencesThreads
SEVERE: The web application [/probe] appears to have started a thread named [scheduler_Worker-7] but has failed to stop it. This is very likely to create a memory leak.
22-Aug-2012 10:27:55 AM org.apache.catalina.loader.WebappClassLoader clearReferencesThreads
SEVERE: The web application [/probe] appears to have started a thread named [scheduler_Worker-10] but has failed to stop it. This is very likely to create a memory leak.
22-Aug-2012 10:27:55 AM org.apache.catalina.loader.WebappClassLoader clearReferencesThreads
SEVERE: The web application [/probe] appears to have started a thread named [AWT-Windows] but has failed to stop it. This is very likely to create a memory leak.
22-Aug-2012 10:27:55 AM org.apache.catalina.loader.WebappClassLoader clearThreadLocalMap
SEVERE: The web application [/probe] created a ThreadLocal with key of type [org.apache.commons.lang.builder.ReflectionToStringBuilder$1] (value [org.apache.commons.lang.builder.ReflectionToStringBuilder$1@c82102]) and a value of type [java.util.HashSet] (value [[]]) but failed to remove it when the web application was stopped. This is very likely to create a memory leak.
22-Aug-2012 10:27:55 AM org.apache.coyote.http11.Http11AprProtocol destroy
INFO: Stopping Coyote HTTP/1.1 on http-8080
22-Aug-2012 10:27:55 AM org.apache.coyote.ajp.AjpAprProtocol destroy
INFO: Stopping Coyote AJP/1.3 on ajp-8009
