4-Sep-2012 2:03:52 PM org.apache.catalina.core.AprLifecycleListener init
INFO: Loaded APR based Apache Tomcat Native library 1.1.22.
4-Sep-2012 2:03:52 PM org.apache.catalina.core.AprLifecycleListener init
INFO: APR capabilities: IPv6 [false], sendfile [true], accept filters [false], random [true].
4-Sep-2012 2:03:54 PM org.apache.coyote.http11.Http11AprProtocol init
INFO: Initializing Coyote HTTP/1.1 on http-8080
4-Sep-2012 2:03:54 PM org.apache.coyote.ajp.AjpAprProtocol init
INFO: Initializing Coyote AJP/1.3 on ajp-8009
4-Sep-2012 2:03:54 PM org.apache.catalina.startup.Catalina load
INFO: Initialization processed in 3824 ms
4-Sep-2012 2:03:54 PM org.apache.catalina.core.StandardService start
INFO: Starting service Catalina
4-Sep-2012 2:03:54 PM org.apache.catalina.core.StandardEngine start
INFO: Starting Servlet Engine: Apache Tomcat/6.0.35
4-Sep-2012 2:03:54 PM org.apache.catalina.startup.HostConfig deployDescriptor
INFO: Deploying configuration descriptor host-manager.xml
4-Sep-2012 2:03:55 PM org.apache.catalina.startup.HostConfig deployDescriptor
INFO: Deploying configuration descriptor manager.xml
4-Sep-2012 2:03:55 PM org.apache.catalina.startup.HostConfig deployDescriptor
INFO: Deploying configuration descriptor probe.xml
4-Sep-2012 2:03:58 PM org.apache.catalina.startup.HostConfig deployDirectory
INFO: Deploying web application directory docs
4-Sep-2012 2:03:58 PM org.apache.catalina.startup.HostConfig deployDirectory
INFO: Deploying web application directory ECAI2012DocSymposiumChair
4-Sep-2012 2:03:58 PM org.apache.catalina.loader.WebappClassLoader validateJarFile
INFO: validateJarFile(C:\SymposiumPlanner2012\TomcatSP12\webapps\ECAI2012DocSymposiumChair\WEB-INF\lib\j2ee-1.4.jar) - jar not loaded. See Servlet Spec 2.3, section 9.7.2. Offending class: javax/servlet/Servlet.class
4-Sep-2012 2:03:58 PM org.apache.catalina.startup.HostConfig deployDirectory
INFO: Deploying web application directory ECAI2012GeneralChair
4-Sep-2012 2:03:58 PM org.apache.catalina.loader.WebappClassLoader validateJarFile
INFO: validateJarFile(C:\SymposiumPlanner2012\TomcatSP12\webapps\ECAI2012GeneralChair\WEB-INF\lib\j2ee-1.4.jar) - jar not loaded. See Servlet Spec 2.3, section 9.7.2. Offending class: javax/servlet/Servlet.class
4-Sep-2012 2:03:58 PM org.apache.catalina.startup.HostConfig deployDirectory
INFO: Deploying web application directory ECAI2012IntlRuleChalChair
4-Sep-2012 2:03:59 PM org.apache.catalina.loader.WebappClassLoader validateJarFile
INFO: validateJarFile(C:\SymposiumPlanner2012\TomcatSP12\webapps\ECAI2012IntlRuleChalChair\WEB-INF\lib\j2ee-1.4.jar) - jar not loaded. See Servlet Spec 2.3, section 9.7.2. Offending class: javax/servlet/Servlet.class
4-Sep-2012 2:03:59 PM org.apache.catalina.startup.HostConfig deployDirectory
INFO: Deploying web application directory ECAI2012IntlRuleChalSteerCommitChair
4-Sep-2012 2:03:59 PM org.apache.catalina.loader.WebappClassLoader validateJarFile
INFO: validateJarFile(C:\SymposiumPlanner2012\TomcatSP12\webapps\ECAI2012IntlRuleChalSteerCommitChair\WEB-INF\lib\j2ee-1.4.jar) - jar not loaded. See Servlet Spec 2.3, section 9.7.2. Offending class: javax/servlet/Servlet.class
4-Sep-2012 2:03:59 PM org.apache.catalina.startup.HostConfig deployDirectory
INFO: Deploying web application directory ECAI2012LiaisonChair
4-Sep-2012 2:03:59 PM org.apache.catalina.loader.WebappClassLoader validateJarFile
INFO: validateJarFile(C:\SymposiumPlanner2012\TomcatSP12\webapps\ECAI2012LiaisonChair\WEB-INF\lib\j2ee-1.4.jar) - jar not loaded. See Servlet Spec 2.3, section 9.7.2. Offending class: javax/servlet/Servlet.class
4-Sep-2012 2:03:59 PM org.apache.catalina.startup.HostConfig deployDirectory
INFO: Deploying web application directory ECAI2012LocalChair
4-Sep-2012 2:03:59 PM org.apache.catalina.loader.WebappClassLoader validateJarFile
INFO: validateJarFile(C:\SymposiumPlanner2012\TomcatSP12\webapps\ECAI2012LocalChair\WEB-INF\lib\j2ee-1.4.jar) - jar not loaded. See Servlet Spec 2.3, section 9.7.2. Offending class: javax/servlet/Servlet.class
4-Sep-2012 2:03:59 PM org.apache.catalina.startup.HostConfig deployDirectory
INFO: Deploying web application directory ECAI2012MetaAndSocialChair
4-Sep-2012 2:03:59 PM org.apache.catalina.loader.WebappClassLoader validateJarFile
INFO: validateJarFile(C:\SymposiumPlanner2012\TomcatSP12\webapps\ECAI2012MetaAndSocialChair\WEB-INF\lib\j2ee-1.4.jar) - jar not loaded. See Servlet Spec 2.3, section 9.7.2. Offending class: javax/servlet/Servlet.class
4-Sep-2012 2:03:59 PM org.apache.catalina.startup.HostConfig deployDirectory
INFO: Deploying web application directory ECAI2012PanelChair
4-Sep-2012 2:04:00 PM org.apache.catalina.loader.WebappClassLoader validateJarFile
INFO: validateJarFile(C:\SymposiumPlanner2012\TomcatSP12\webapps\ECAI2012PanelChair\WEB-INF\lib\j2ee-1.4.jar) - jar not loaded. See Servlet Spec 2.3, section 9.7.2. Offending class: javax/servlet/Servlet.class
4-Sep-2012 2:04:00 PM org.apache.catalina.startup.HostConfig deployDirectory
INFO: Deploying web application directory ECAI2012ProgramChair
4-Sep-2012 2:04:00 PM org.apache.catalina.loader.WebappClassLoader validateJarFile
INFO: validateJarFile(C:\SymposiumPlanner2012\TomcatSP12\webapps\ECAI2012ProgramChair\WEB-INF\lib\j2ee-1.4.jar) - jar not loaded. See Servlet Spec 2.3, section 9.7.2. Offending class: javax/servlet/Servlet.class
4-Sep-2012 2:04:00 PM org.apache.catalina.startup.HostConfig deployDirectory
INFO: Deploying web application directory ECAI2012PublicityChair
4-Sep-2012 2:04:00 PM org.apache.catalina.loader.WebappClassLoader validateJarFile
INFO: validateJarFile(C:\SymposiumPlanner2012\TomcatSP12\webapps\ECAI2012PublicityChair\WEB-INF\lib\j2ee-1.4.jar) - jar not loaded. See Servlet Spec 2.3, section 9.7.2. Offending class: javax/servlet/Servlet.class
4-Sep-2012 2:04:00 PM org.apache.catalina.startup.HostConfig deployDirectory
INFO: Deploying web application directory ECAI2012SteeringChair
4-Sep-2012 2:04:00 PM org.apache.catalina.loader.WebappClassLoader validateJarFile
INFO: validateJarFile(C:\SymposiumPlanner2012\TomcatSP12\webapps\ECAI2012SteeringChair\WEB-INF\lib\j2ee-1.4.jar) - jar not loaded. See Servlet Spec 2.3, section 9.7.2. Offending class: javax/servlet/Servlet.class
4-Sep-2012 2:04:00 PM org.apache.catalina.startup.HostConfig deployDirectory
INFO: Deploying web application directory examples
4-Sep-2012 2:04:00 PM org.apache.catalina.startup.HostConfig deployDirectory
INFO: Deploying web application directory ROOT
4-Sep-2012 2:04:00 PM org.apache.catalina.startup.HostConfig deployDirectory
INFO: Deploying web application directory RuleML-2012-ECAI
4-Sep-2012 2:04:00 PM org.apache.catalina.startup.HostConfig deployDirectory
INFO: Deploying web application directory RuleML-2012-STRUCT
4-Sep-2012 2:04:00 PM org.apache.catalina.startup.HostConfig deployDirectory
INFO: Deploying web application directory STRUCT2012AdvisoryBoard
4-Sep-2012 2:04:01 PM org.apache.catalina.loader.WebappClassLoader validateJarFile
INFO: validateJarFile(C:\SymposiumPlanner2012\TomcatSP12\webapps\STRUCT2012AdvisoryBoard\WEB-INF\lib\j2ee-1.4.jar) - jar not loaded. See Servlet Spec 2.3, section 9.7.2. Offending class: javax/servlet/Servlet.class
4-Sep-2012 2:04:01 PM org.apache.catalina.startup.HostConfig deployDirectory
INFO: Deploying web application directory STRUCT2012CEI
4-Sep-2012 2:04:01 PM org.apache.catalina.loader.WebappClassLoader validateJarFile
INFO: validateJarFile(C:\SymposiumPlanner2012\TomcatSP12\webapps\STRUCT2012CEI\WEB-INF\lib\j2ee-1.4.jar) - jar not loaded. See Servlet Spec 2.3, section 9.7.2. Offending class: javax/servlet/Servlet.class
4-Sep-2012 2:04:01 PM org.apache.catalina.startup.HostConfig deployDirectory
INFO: Deploying web application directory STRUCT2012CoChairs
4-Sep-2012 2:04:01 PM org.apache.catalina.loader.WebappClassLoader validateJarFile
INFO: validateJarFile(C:\SymposiumPlanner2012\TomcatSP12\webapps\STRUCT2012CoChairs\WEB-INF\lib\j2ee-1.4.jar) - jar not loaded. See Servlet Spec 2.3, section 9.7.2. Offending class: javax/servlet/Servlet.class
4-Sep-2012 2:04:01 PM org.apache.catalina.startup.HostConfig deployDirectory
INFO: Deploying web application directory STRUCT2012DefeasibleLogic
4-Sep-2012 2:04:01 PM org.apache.catalina.loader.WebappClassLoader validateJarFile
INFO: validateJarFile(C:\SymposiumPlanner2012\TomcatSP12\webapps\STRUCT2012DefeasibleLogic\WEB-INF\lib\j2ee-1.4.jar) - jar not loaded. See Servlet Spec 2.3, section 9.7.2. Offending class: javax/servlet/Servlet.class
4-Sep-2012 2:04:01 PM org.apache.catalina.startup.HostConfig deployDirectory
INFO: Deploying web application directory STRUCT2012MAS
4-Sep-2012 2:04:01 PM org.apache.catalina.loader.WebappClassLoader validateJarFile
INFO: validateJarFile(C:\SymposiumPlanner2012\TomcatSP12\webapps\STRUCT2012MAS\WEB-INF\lib\j2ee-1.4.jar) - jar not loaded. See Servlet Spec 2.3, section 9.7.2. Offending class: javax/servlet/Servlet.class
4-Sep-2012 2:04:01 PM org.apache.catalina.startup.HostConfig deployDirectory
INFO: Deploying web application directory STRUCT2012ModalLogic
4-Sep-2012 2:04:01 PM org.apache.catalina.loader.WebappClassLoader validateJarFile
INFO: validateJarFile(C:\SymposiumPlanner2012\TomcatSP12\webapps\STRUCT2012ModalLogic\WEB-INF\lib\j2ee-1.4.jar) - jar not loaded. See Servlet Spec 2.3, section 9.7.2. Offending class: javax/servlet/Servlet.class
4-Sep-2012 2:04:01 PM org.apache.catalina.startup.HostConfig deployDirectory
INFO: Deploying web application directory STRUCT2012PSOA
4-Sep-2012 2:04:02 PM org.apache.catalina.loader.WebappClassLoader validateJarFile
INFO: validateJarFile(C:\SymposiumPlanner2012\TomcatSP12\webapps\STRUCT2012PSOA\WEB-INF\lib\j2ee-1.4.jar) - jar not loaded. See Servlet Spec 2.3, section 9.7.2. Offending class: javax/servlet/Servlet.class
4-Sep-2012 2:04:02 PM org.apache.catalina.startup.HostConfig deployDirectory
INFO: Deploying web application directory STRUCT2012ReactionRules
4-Sep-2012 2:04:02 PM org.apache.catalina.loader.WebappClassLoader validateJarFile
INFO: validateJarFile(C:\SymposiumPlanner2012\TomcatSP12\webapps\STRUCT2012ReactionRules\WEB-INF\lib\j2ee-1.4.jar) - jar not loaded. See Servlet Spec 2.3, section 9.7.2. Offending class: javax/servlet/Servlet.class
4-Sep-2012 2:04:02 PM org.apache.catalina.startup.HostConfig deployDirectory
INFO: Deploying web application directory STRUCT2012TGAgent
4-Sep-2012 2:04:02 PM org.apache.catalina.loader.WebappClassLoader validateJarFile
INFO: validateJarFile(C:\SymposiumPlanner2012\TomcatSP12\webapps\STRUCT2012TGAgent\WEB-INF\lib\j2ee-1.4.jar) - jar not loaded. See Servlet Spec 2.3, section 9.7.2. Offending class: javax/servlet/Servlet.class
4-Sep-2012 2:04:02 PM org.apache.catalina.startup.HostConfig deployDirectory
INFO: Deploying web application directory STRUCT2012UnCertReason
4-Sep-2012 2:04:03 PM org.apache.catalina.loader.WebappClassLoader validateJarFile
INFO: validateJarFile(C:\SymposiumPlanner2012\TomcatSP12\webapps\STRUCT2012UnCertReason\WEB-INF\lib\j2ee-1.4.jar) - jar not loaded. See Servlet Spec 2.3, section 9.7.2. Offending class: javax/servlet/Servlet.class
4-Sep-2012 2:04:03 PM org.apache.catalina.startup.HostConfig deployDirectory
INFO: Deploying web application directory SymposiumPlannerSystem
4-Sep-2012 2:04:03 PM org.apache.coyote.http11.Http11AprProtocol start
INFO: Starting Coyote HTTP/1.1 on http-8080
4-Sep-2012 2:04:03 PM org.apache.coyote.ajp.AjpAprProtocol start
INFO: Starting Coyote AJP/1.3 on ajp-8009
4-Sep-2012 2:04:03 PM org.apache.catalina.startup.Catalina start
INFO: Server startup in 8273 ms
4-Sep-2012 2:05:11 PM org.apache.coyote.http11.Http11AprProtocol pause
INFO: Pausing Coyote HTTP/1.1 on http-8080
4-Sep-2012 2:05:11 PM org.apache.coyote.ajp.AjpAprProtocol pause
INFO: Pausing Coyote AJP/1.3 on ajp-8009
4-Sep-2012 2:05:12 PM org.apache.catalina.core.StandardService stop
INFO: Stopping service Catalina
4-Sep-2012 2:05:13 PM org.apache.catalina.loader.WebappClassLoader clearReferencesThreads
SEVERE: The web application [/probe] appears to have started a thread named [scheduler_Worker-1] but has failed to stop it. This is very likely to create a memory leak.
4-Sep-2012 2:05:13 PM org.apache.catalina.loader.WebappClassLoader clearReferencesThreads
SEVERE: The web application [/probe] appears to have started a thread named [scheduler_Worker-2] but has failed to stop it. This is very likely to create a memory leak.
4-Sep-2012 2:05:13 PM org.apache.catalina.loader.WebappClassLoader clearReferencesThreads
SEVERE: The web application [/probe] appears to have started a thread named [scheduler_Worker-3] but has failed to stop it. This is very likely to create a memory leak.
4-Sep-2012 2:05:13 PM org.apache.catalina.loader.WebappClassLoader clearReferencesThreads
SEVERE: The web application [/probe] appears to have started a thread named [scheduler_Worker-5] but has failed to stop it. This is very likely to create a memory leak.
4-Sep-2012 2:05:13 PM org.apache.catalina.loader.WebappClassLoader clearReferencesThreads
SEVERE: The web application [/probe] appears to have started a thread named [scheduler_Worker-6] but has failed to stop it. This is very likely to create a memory leak.
4-Sep-2012 2:05:13 PM org.apache.catalina.loader.WebappClassLoader clearReferencesThreads
SEVERE: The web application [/probe] appears to have started a thread named [scheduler_Worker-8] but has failed to stop it. This is very likely to create a memory leak.
4-Sep-2012 2:05:13 PM org.apache.catalina.loader.WebappClassLoader clearReferencesThreads
SEVERE: The web application [/probe] appears to have started a thread named [scheduler_Worker-9] but has failed to stop it. This is very likely to create a memory leak.
4-Sep-2012 2:05:13 PM org.apache.catalina.loader.WebappClassLoader clearReferencesThreads
SEVERE: The web application [/probe] appears to have started a thread named [scheduler_Worker-10] but has failed to stop it. This is very likely to create a memory leak.
4-Sep-2012 2:05:13 PM org.apache.coyote.http11.Http11AprProtocol destroy
INFO: Stopping Coyote HTTP/1.1 on http-8080
4-Sep-2012 2:05:13 PM org.apache.coyote.ajp.AjpAprProtocol destroy
INFO: Stopping Coyote AJP/1.3 on ajp-8009
