26-Sep-2012 11:06:58 AM org.apache.catalina.core.AprLifecycleListener init
INFO: Loaded APR based Apache Tomcat Native library 1.1.22.
26-Sep-2012 11:06:58 AM org.apache.catalina.core.AprLifecycleListener init
INFO: APR capabilities: IPv6 [false], sendfile [true], accept filters [false], random [true].
26-Sep-2012 11:07:00 AM org.apache.coyote.http11.Http11AprProtocol init
INFO: Initializing Coyote HTTP/1.1 on http-8080
26-Sep-2012 11:07:00 AM org.apache.coyote.ajp.AjpAprProtocol init
INFO: Initializing Coyote AJP/1.3 on ajp-8009
26-Sep-2012 11:07:00 AM org.apache.catalina.startup.Catalina load
INFO: Initialization processed in 2674 ms
26-Sep-2012 11:07:00 AM org.apache.catalina.core.StandardService start
INFO: Starting service Catalina
26-Sep-2012 11:07:00 AM org.apache.catalina.core.StandardEngine start
INFO: Starting Servlet Engine: Apache Tomcat/6.0.35
26-Sep-2012 11:07:00 AM org.apache.catalina.startup.HostConfig deployDescriptor
INFO: Deploying configuration descriptor host-manager.xml
26-Sep-2012 11:07:01 AM org.apache.catalina.startup.HostConfig deployDescriptor
INFO: Deploying configuration descriptor manager.xml
26-Sep-2012 11:07:01 AM org.apache.catalina.startup.HostConfig deployDescriptor
INFO: Deploying configuration descriptor probe.xml
26-Sep-2012 11:07:06 AM org.apache.catalina.startup.HostConfig deployDirectory
INFO: Deploying web application directory docs
26-Sep-2012 11:07:06 AM org.apache.catalina.startup.HostConfig deployDirectory
INFO: Deploying web application directory ECAI2012DocSymposiumChair
26-Sep-2012 11:07:06 AM org.apache.catalina.loader.WebappClassLoader validateJarFile
INFO: validateJarFile(C:\SymposiumPlanner2012\TomcatSP12\webapps\ECAI2012DocSymposiumChair\WEB-INF\lib\j2ee-1.4.jar) - jar not loaded. See Servlet Spec 2.3, section 9.7.2. Offending class: javax/servlet/Servlet.class
26-Sep-2012 11:07:06 AM org.apache.catalina.startup.HostConfig deployDirectory
INFO: Deploying web application directory ECAI2012GeneralChair
26-Sep-2012 11:07:06 AM org.apache.catalina.loader.WebappClassLoader validateJarFile
INFO: validateJarFile(C:\SymposiumPlanner2012\TomcatSP12\webapps\ECAI2012GeneralChair\WEB-INF\lib\j2ee-1.4.jar) - jar not loaded. See Servlet Spec 2.3, section 9.7.2. Offending class: javax/servlet/Servlet.class
26-Sep-2012 11:07:06 AM org.apache.catalina.startup.HostConfig deployDirectory
INFO: Deploying web application directory ECAI2012IntlRuleChalChair
26-Sep-2012 11:07:06 AM org.apache.catalina.loader.WebappClassLoader validateJarFile
INFO: validateJarFile(C:\SymposiumPlanner2012\TomcatSP12\webapps\ECAI2012IntlRuleChalChair\WEB-INF\lib\j2ee-1.4.jar) - jar not loaded. See Servlet Spec 2.3, section 9.7.2. Offending class: javax/servlet/Servlet.class
26-Sep-2012 11:07:06 AM org.apache.catalina.startup.HostConfig deployDirectory
INFO: Deploying web application directory ECAI2012IntlRuleChalSteerCommitChair
26-Sep-2012 11:07:07 AM org.apache.catalina.loader.WebappClassLoader validateJarFile
INFO: validateJarFile(C:\SymposiumPlanner2012\TomcatSP12\webapps\ECAI2012IntlRuleChalSteerCommitChair\WEB-INF\lib\j2ee-1.4.jar) - jar not loaded. See Servlet Spec 2.3, section 9.7.2. Offending class: javax/servlet/Servlet.class
26-Sep-2012 11:07:07 AM org.apache.catalina.startup.HostConfig deployDirectory
INFO: Deploying web application directory ECAI2012LiaisonChair
26-Sep-2012 11:07:07 AM org.apache.catalina.loader.WebappClassLoader validateJarFile
INFO: validateJarFile(C:\SymposiumPlanner2012\TomcatSP12\webapps\ECAI2012LiaisonChair\WEB-INF\lib\j2ee-1.4.jar) - jar not loaded. See Servlet Spec 2.3, section 9.7.2. Offending class: javax/servlet/Servlet.class
26-Sep-2012 11:07:07 AM org.apache.catalina.startup.HostConfig deployDirectory
INFO: Deploying web application directory ECAI2012LocalChair
26-Sep-2012 11:07:07 AM org.apache.catalina.loader.WebappClassLoader validateJarFile
INFO: validateJarFile(C:\SymposiumPlanner2012\TomcatSP12\webapps\ECAI2012LocalChair\WEB-INF\lib\j2ee-1.4.jar) - jar not loaded. See Servlet Spec 2.3, section 9.7.2. Offending class: javax/servlet/Servlet.class
26-Sep-2012 11:07:07 AM org.apache.catalina.startup.HostConfig deployDirectory
INFO: Deploying web application directory ECAI2012MetaAndSocialChair
26-Sep-2012 11:07:07 AM org.apache.catalina.loader.WebappClassLoader validateJarFile
INFO: validateJarFile(C:\SymposiumPlanner2012\TomcatSP12\webapps\ECAI2012MetaAndSocialChair\WEB-INF\lib\j2ee-1.4.jar) - jar not loaded. See Servlet Spec 2.3, section 9.7.2. Offending class: javax/servlet/Servlet.class
26-Sep-2012 11:07:07 AM org.apache.catalina.startup.HostConfig deployDirectory
INFO: Deploying web application directory ECAI2012PanelChair
26-Sep-2012 11:07:07 AM org.apache.catalina.loader.WebappClassLoader validateJarFile
INFO: validateJarFile(C:\SymposiumPlanner2012\TomcatSP12\webapps\ECAI2012PanelChair\WEB-INF\lib\j2ee-1.4.jar) - jar not loaded. See Servlet Spec 2.3, section 9.7.2. Offending class: javax/servlet/Servlet.class
26-Sep-2012 11:07:07 AM org.apache.catalina.startup.HostConfig deployDirectory
INFO: Deploying web application directory ECAI2012ProgramChair
26-Sep-2012 11:07:08 AM org.apache.catalina.loader.WebappClassLoader validateJarFile
INFO: validateJarFile(C:\SymposiumPlanner2012\TomcatSP12\webapps\ECAI2012ProgramChair\WEB-INF\lib\j2ee-1.4.jar) - jar not loaded. See Servlet Spec 2.3, section 9.7.2. Offending class: javax/servlet/Servlet.class
26-Sep-2012 11:07:08 AM org.apache.catalina.startup.HostConfig deployDirectory
INFO: Deploying web application directory ECAI2012PublicityChair
26-Sep-2012 11:07:08 AM org.apache.catalina.loader.WebappClassLoader validateJarFile
INFO: validateJarFile(C:\SymposiumPlanner2012\TomcatSP12\webapps\ECAI2012PublicityChair\WEB-INF\lib\j2ee-1.4.jar) - jar not loaded. See Servlet Spec 2.3, section 9.7.2. Offending class: javax/servlet/Servlet.class
26-Sep-2012 11:07:08 AM org.apache.catalina.startup.HostConfig deployDirectory
INFO: Deploying web application directory ECAI2012SteeringChair
26-Sep-2012 11:07:08 AM org.apache.catalina.loader.WebappClassLoader validateJarFile
INFO: validateJarFile(C:\SymposiumPlanner2012\TomcatSP12\webapps\ECAI2012SteeringChair\WEB-INF\lib\j2ee-1.4.jar) - jar not loaded. See Servlet Spec 2.3, section 9.7.2. Offending class: javax/servlet/Servlet.class
26-Sep-2012 11:07:08 AM org.apache.catalina.startup.HostConfig deployDirectory
INFO: Deploying web application directory examples
26-Sep-2012 11:07:08 AM org.apache.catalina.startup.HostConfig deployDirectory
INFO: Deploying web application directory ROOT
26-Sep-2012 11:07:08 AM org.apache.catalina.startup.HostConfig deployDirectory
INFO: Deploying web application directory RuleML-2012-ECAI
26-Sep-2012 11:07:08 AM org.apache.catalina.startup.HostConfig deployDirectory
INFO: Deploying web application directory RuleML-2012-STRUCT
26-Sep-2012 11:07:08 AM org.apache.catalina.startup.HostConfig deployDirectory
INFO: Deploying web application directory STRUCT2012AdvisoryBoard
26-Sep-2012 11:07:09 AM org.apache.catalina.loader.WebappClassLoader validateJarFile
INFO: validateJarFile(C:\SymposiumPlanner2012\TomcatSP12\webapps\STRUCT2012AdvisoryBoard\WEB-INF\lib\j2ee-1.4.jar) - jar not loaded. See Servlet Spec 2.3, section 9.7.2. Offending class: javax/servlet/Servlet.class
26-Sep-2012 11:07:09 AM org.apache.catalina.startup.HostConfig deployDirectory
INFO: Deploying web application directory STRUCT2012CEI
26-Sep-2012 11:07:09 AM org.apache.catalina.loader.WebappClassLoader validateJarFile
INFO: validateJarFile(C:\SymposiumPlanner2012\TomcatSP12\webapps\STRUCT2012CEI\WEB-INF\lib\j2ee-1.4.jar) - jar not loaded. See Servlet Spec 2.3, section 9.7.2. Offending class: javax/servlet/Servlet.class
26-Sep-2012 11:07:09 AM org.apache.catalina.startup.HostConfig deployDirectory
INFO: Deploying web application directory STRUCT2012CoChairs
26-Sep-2012 11:07:09 AM org.apache.catalina.loader.WebappClassLoader validateJarFile
INFO: validateJarFile(C:\SymposiumPlanner2012\TomcatSP12\webapps\STRUCT2012CoChairs\WEB-INF\lib\j2ee-1.4.jar) - jar not loaded. See Servlet Spec 2.3, section 9.7.2. Offending class: javax/servlet/Servlet.class
26-Sep-2012 11:07:09 AM org.apache.catalina.startup.HostConfig deployDirectory
INFO: Deploying web application directory STRUCT2012DefeasibleLogic
26-Sep-2012 11:07:09 AM org.apache.catalina.loader.WebappClassLoader validateJarFile
INFO: validateJarFile(C:\SymposiumPlanner2012\TomcatSP12\webapps\STRUCT2012DefeasibleLogic\WEB-INF\lib\j2ee-1.4.jar) - jar not loaded. See Servlet Spec 2.3, section 9.7.2. Offending class: javax/servlet/Servlet.class
26-Sep-2012 11:07:10 AM org.apache.catalina.startup.HostConfig deployDirectory
INFO: Deploying web application directory STRUCT2012MAS
26-Sep-2012 11:07:10 AM org.apache.catalina.loader.WebappClassLoader validateJarFile
INFO: validateJarFile(C:\SymposiumPlanner2012\TomcatSP12\webapps\STRUCT2012MAS\WEB-INF\lib\j2ee-1.4.jar) - jar not loaded. See Servlet Spec 2.3, section 9.7.2. Offending class: javax/servlet/Servlet.class
26-Sep-2012 11:07:10 AM org.apache.catalina.startup.HostConfig deployDirectory
INFO: Deploying web application directory STRUCT2012ModalLogic
26-Sep-2012 11:07:10 AM org.apache.catalina.loader.WebappClassLoader validateJarFile
INFO: validateJarFile(C:\SymposiumPlanner2012\TomcatSP12\webapps\STRUCT2012ModalLogic\WEB-INF\lib\j2ee-1.4.jar) - jar not loaded. See Servlet Spec 2.3, section 9.7.2. Offending class: javax/servlet/Servlet.class
26-Sep-2012 11:07:10 AM org.apache.catalina.startup.HostConfig deployDirectory
INFO: Deploying web application directory STRUCT2012PSOA
26-Sep-2012 11:07:10 AM org.apache.catalina.loader.WebappClassLoader validateJarFile
INFO: validateJarFile(C:\SymposiumPlanner2012\TomcatSP12\webapps\STRUCT2012PSOA\WEB-INF\lib\j2ee-1.4.jar) - jar not loaded. See Servlet Spec 2.3, section 9.7.2. Offending class: javax/servlet/Servlet.class
26-Sep-2012 11:07:10 AM org.apache.catalina.startup.HostConfig deployDirectory
INFO: Deploying web application directory STRUCT2012ReactionRules
26-Sep-2012 11:07:10 AM org.apache.catalina.loader.WebappClassLoader validateJarFile
INFO: validateJarFile(C:\SymposiumPlanner2012\TomcatSP12\webapps\STRUCT2012ReactionRules\WEB-INF\lib\j2ee-1.4.jar) - jar not loaded. See Servlet Spec 2.3, section 9.7.2. Offending class: javax/servlet/Servlet.class
26-Sep-2012 11:07:10 AM org.apache.catalina.startup.HostConfig deployDirectory
INFO: Deploying web application directory STRUCT2012TGAgent
26-Sep-2012 11:07:11 AM org.apache.catalina.loader.WebappClassLoader validateJarFile
INFO: validateJarFile(C:\SymposiumPlanner2012\TomcatSP12\webapps\STRUCT2012TGAgent\WEB-INF\lib\j2ee-1.4.jar) - jar not loaded. See Servlet Spec 2.3, section 9.7.2. Offending class: javax/servlet/Servlet.class
26-Sep-2012 11:07:11 AM org.apache.catalina.startup.HostConfig deployDirectory
INFO: Deploying web application directory STRUCT2012UnCertReason
26-Sep-2012 11:07:11 AM org.apache.catalina.loader.WebappClassLoader validateJarFile
INFO: validateJarFile(C:\SymposiumPlanner2012\TomcatSP12\webapps\STRUCT2012UnCertReason\WEB-INF\lib\j2ee-1.4.jar) - jar not loaded. See Servlet Spec 2.3, section 9.7.2. Offending class: javax/servlet/Servlet.class
26-Sep-2012 11:07:11 AM org.apache.catalina.startup.HostConfig deployDirectory
INFO: Deploying web application directory SymposiumPlannerSystem
26-Sep-2012 11:07:11 AM org.apache.coyote.http11.Http11AprProtocol start
INFO: Starting Coyote HTTP/1.1 on http-8080
26-Sep-2012 11:07:11 AM org.apache.coyote.ajp.AjpAprProtocol start
INFO: Starting Coyote AJP/1.3 on ajp-8009
26-Sep-2012 11:07:11 AM org.apache.catalina.startup.Catalina start
INFO: Server startup in 11358 ms
26-Sep-2012 11:07:58 AM org.apache.coyote.http11.Http11AprProtocol pause
INFO: Pausing Coyote HTTP/1.1 on http-8080
26-Sep-2012 11:07:58 AM org.apache.coyote.ajp.AjpAprProtocol pause
INFO: Pausing Coyote AJP/1.3 on ajp-8009
26-Sep-2012 11:07:59 AM org.apache.catalina.core.StandardService stop
INFO: Stopping service Catalina
26-Sep-2012 11:08:00 AM org.apache.coyote.http11.Http11AprProtocol destroy
INFO: Stopping Coyote HTTP/1.1 on http-8080
26-Sep-2012 11:08:00 AM org.apache.coyote.ajp.AjpAprProtocol destroy
INFO: Stopping Coyote AJP/1.3 on ajp-8009
26-Sep-2012 11:09:17 AM org.apache.catalina.core.AprLifecycleListener init
INFO: Loaded APR based Apache Tomcat Native library 1.1.22.
26-Sep-2012 11:09:17 AM org.apache.catalina.core.AprLifecycleListener init
INFO: APR capabilities: IPv6 [false], sendfile [true], accept filters [false], random [true].
26-Sep-2012 11:09:18 AM org.apache.coyote.http11.Http11AprProtocol init
INFO: Initializing Coyote HTTP/1.1 on http-8080
26-Sep-2012 11:09:18 AM org.apache.coyote.ajp.AjpAprProtocol init
INFO: Initializing Coyote AJP/1.3 on ajp-8009
26-Sep-2012 11:09:18 AM org.apache.catalina.startup.Catalina load
INFO: Initialization processed in 909 ms
26-Sep-2012 11:09:18 AM org.apache.catalina.core.StandardService start
INFO: Starting service Catalina
26-Sep-2012 11:09:18 AM org.apache.catalina.core.StandardEngine start
INFO: Starting Servlet Engine: Apache Tomcat/6.0.35
26-Sep-2012 11:09:18 AM org.apache.catalina.startup.HostConfig deployDescriptor
INFO: Deploying configuration descriptor host-manager.xml
26-Sep-2012 11:09:18 AM org.apache.catalina.startup.HostConfig deployDescriptor
INFO: Deploying configuration descriptor manager.xml
26-Sep-2012 11:09:18 AM org.apache.catalina.startup.HostConfig deployDescriptor
INFO: Deploying configuration descriptor probe.xml
26-Sep-2012 11:09:21 AM org.apache.catalina.startup.HostConfig deployDirectory
INFO: Deploying web application directory docs
26-Sep-2012 11:09:21 AM org.apache.catalina.startup.HostConfig deployDirectory
INFO: Deploying web application directory ECAI2012DocSymposiumChair
26-Sep-2012 11:09:21 AM org.apache.catalina.loader.WebappClassLoader validateJarFile
INFO: validateJarFile(C:\SymposiumPlanner2012\TomcatSP12\webapps\ECAI2012DocSymposiumChair\WEB-INF\lib\j2ee-1.4.jar) - jar not loaded. See Servlet Spec 2.3, section 9.7.2. Offending class: javax/servlet/Servlet.class
26-Sep-2012 11:09:21 AM org.apache.catalina.startup.HostConfig deployDirectory
INFO: Deploying web application directory ECAI2012GeneralChair
26-Sep-2012 11:09:21 AM org.apache.catalina.loader.WebappClassLoader validateJarFile
INFO: validateJarFile(C:\SymposiumPlanner2012\TomcatSP12\webapps\ECAI2012GeneralChair\WEB-INF\lib\j2ee-1.4.jar) - jar not loaded. See Servlet Spec 2.3, section 9.7.2. Offending class: javax/servlet/Servlet.class
26-Sep-2012 11:09:21 AM org.apache.catalina.startup.HostConfig deployDirectory
INFO: Deploying web application directory ECAI2012IntlRuleChalChair
26-Sep-2012 11:09:21 AM org.apache.catalina.loader.WebappClassLoader validateJarFile
INFO: validateJarFile(C:\SymposiumPlanner2012\TomcatSP12\webapps\ECAI2012IntlRuleChalChair\WEB-INF\lib\j2ee-1.4.jar) - jar not loaded. See Servlet Spec 2.3, section 9.7.2. Offending class: javax/servlet/Servlet.class
26-Sep-2012 11:09:21 AM org.apache.catalina.startup.HostConfig deployDirectory
INFO: Deploying web application directory ECAI2012IntlRuleChalSteerCommitChair
26-Sep-2012 11:09:21 AM org.apache.catalina.loader.WebappClassLoader validateJarFile
INFO: validateJarFile(C:\SymposiumPlanner2012\TomcatSP12\webapps\ECAI2012IntlRuleChalSteerCommitChair\WEB-INF\lib\j2ee-1.4.jar) - jar not loaded. See Servlet Spec 2.3, section 9.7.2. Offending class: javax/servlet/Servlet.class
26-Sep-2012 11:09:21 AM org.apache.catalina.startup.HostConfig deployDirectory
INFO: Deploying web application directory ECAI2012LiaisonChair
26-Sep-2012 11:09:21 AM org.apache.catalina.loader.WebappClassLoader validateJarFile
INFO: validateJarFile(C:\SymposiumPlanner2012\TomcatSP12\webapps\ECAI2012LiaisonChair\WEB-INF\lib\j2ee-1.4.jar) - jar not loaded. See Servlet Spec 2.3, section 9.7.2. Offending class: javax/servlet/Servlet.class
26-Sep-2012 11:09:21 AM org.apache.catalina.startup.HostConfig deployDirectory
INFO: Deploying web application directory ECAI2012LocalChair
26-Sep-2012 11:09:21 AM org.apache.catalina.loader.WebappClassLoader validateJarFile
INFO: validateJarFile(C:\SymposiumPlanner2012\TomcatSP12\webapps\ECAI2012LocalChair\WEB-INF\lib\j2ee-1.4.jar) - jar not loaded. See Servlet Spec 2.3, section 9.7.2. Offending class: javax/servlet/Servlet.class
26-Sep-2012 11:09:21 AM org.apache.catalina.startup.HostConfig deployDirectory
INFO: Deploying web application directory ECAI2012MetaAndSocialChair
26-Sep-2012 11:09:21 AM org.apache.catalina.loader.WebappClassLoader validateJarFile
INFO: validateJarFile(C:\SymposiumPlanner2012\TomcatSP12\webapps\ECAI2012MetaAndSocialChair\WEB-INF\lib\j2ee-1.4.jar) - jar not loaded. See Servlet Spec 2.3, section 9.7.2. Offending class: javax/servlet/Servlet.class
26-Sep-2012 11:09:21 AM org.apache.catalina.startup.HostConfig deployDirectory
INFO: Deploying web application directory ECAI2012PanelChair
26-Sep-2012 11:09:21 AM org.apache.catalina.loader.WebappClassLoader validateJarFile
INFO: validateJarFile(C:\SymposiumPlanner2012\TomcatSP12\webapps\ECAI2012PanelChair\WEB-INF\lib\j2ee-1.4.jar) - jar not loaded. See Servlet Spec 2.3, section 9.7.2. Offending class: javax/servlet/Servlet.class
26-Sep-2012 11:09:21 AM org.apache.catalina.startup.HostConfig deployDirectory
INFO: Deploying web application directory ECAI2012ProgramChair
26-Sep-2012 11:09:21 AM org.apache.catalina.loader.WebappClassLoader validateJarFile
INFO: validateJarFile(C:\SymposiumPlanner2012\TomcatSP12\webapps\ECAI2012ProgramChair\WEB-INF\lib\j2ee-1.4.jar) - jar not loaded. See Servlet Spec 2.3, section 9.7.2. Offending class: javax/servlet/Servlet.class
26-Sep-2012 11:09:21 AM org.apache.catalina.startup.HostConfig deployDirectory
INFO: Deploying web application directory ECAI2012PublicityChair
26-Sep-2012 11:09:21 AM org.apache.catalina.loader.WebappClassLoader validateJarFile
INFO: validateJarFile(C:\SymposiumPlanner2012\TomcatSP12\webapps\ECAI2012PublicityChair\WEB-INF\lib\j2ee-1.4.jar) - jar not loaded. See Servlet Spec 2.3, section 9.7.2. Offending class: javax/servlet/Servlet.class
26-Sep-2012 11:09:21 AM org.apache.catalina.startup.HostConfig deployDirectory
INFO: Deploying web application directory ECAI2012SteeringChair
26-Sep-2012 11:09:21 AM org.apache.catalina.loader.WebappClassLoader validateJarFile
INFO: validateJarFile(C:\SymposiumPlanner2012\TomcatSP12\webapps\ECAI2012SteeringChair\WEB-INF\lib\j2ee-1.4.jar) - jar not loaded. See Servlet Spec 2.3, section 9.7.2. Offending class: javax/servlet/Servlet.class
26-Sep-2012 11:09:21 AM org.apache.catalina.startup.HostConfig deployDirectory
INFO: Deploying web application directory examples
26-Sep-2012 11:09:21 AM org.apache.catalina.startup.HostConfig deployDirectory
INFO: Deploying web application directory ROOT
26-Sep-2012 11:09:21 AM org.apache.catalina.startup.HostConfig deployDirectory
INFO: Deploying web application directory RuleML-2012-ECAI
26-Sep-2012 11:09:21 AM org.apache.catalina.startup.HostConfig deployDirectory
INFO: Deploying web application directory RuleML-2012-STRUCT
26-Sep-2012 11:09:21 AM org.apache.catalina.startup.HostConfig deployDirectory
INFO: Deploying web application directory STRUCT2012AdvisoryBoard
26-Sep-2012 11:09:21 AM org.apache.catalina.loader.WebappClassLoader validateJarFile
INFO: validateJarFile(C:\SymposiumPlanner2012\TomcatSP12\webapps\STRUCT2012AdvisoryBoard\WEB-INF\lib\j2ee-1.4.jar) - jar not loaded. See Servlet Spec 2.3, section 9.7.2. Offending class: javax/servlet/Servlet.class
26-Sep-2012 11:09:21 AM org.apache.catalina.startup.HostConfig deployDirectory
INFO: Deploying web application directory STRUCT2012CEI
26-Sep-2012 11:09:21 AM org.apache.catalina.loader.WebappClassLoader validateJarFile
INFO: validateJarFile(C:\SymposiumPlanner2012\TomcatSP12\webapps\STRUCT2012CEI\WEB-INF\lib\j2ee-1.4.jar) - jar not loaded. See Servlet Spec 2.3, section 9.7.2. Offending class: javax/servlet/Servlet.class
26-Sep-2012 11:09:22 AM org.apache.catalina.startup.HostConfig deployDirectory
INFO: Deploying web application directory STRUCT2012CoChairs
26-Sep-2012 11:09:22 AM org.apache.catalina.loader.WebappClassLoader validateJarFile
INFO: validateJarFile(C:\SymposiumPlanner2012\TomcatSP12\webapps\STRUCT2012CoChairs\WEB-INF\lib\j2ee-1.4.jar) - jar not loaded. See Servlet Spec 2.3, section 9.7.2. Offending class: javax/servlet/Servlet.class
26-Sep-2012 11:09:22 AM org.apache.catalina.startup.HostConfig deployDirectory
INFO: Deploying web application directory STRUCT2012DefeasibleLogic
26-Sep-2012 11:09:22 AM org.apache.catalina.loader.WebappClassLoader validateJarFile
INFO: validateJarFile(C:\SymposiumPlanner2012\TomcatSP12\webapps\STRUCT2012DefeasibleLogic\WEB-INF\lib\j2ee-1.4.jar) - jar not loaded. See Servlet Spec 2.3, section 9.7.2. Offending class: javax/servlet/Servlet.class
26-Sep-2012 11:09:22 AM org.apache.catalina.startup.HostConfig deployDirectory
INFO: Deploying web application directory STRUCT2012MAS
26-Sep-2012 11:09:22 AM org.apache.catalina.loader.WebappClassLoader validateJarFile
INFO: validateJarFile(C:\SymposiumPlanner2012\TomcatSP12\webapps\STRUCT2012MAS\WEB-INF\lib\j2ee-1.4.jar) - jar not loaded. See Servlet Spec 2.3, section 9.7.2. Offending class: javax/servlet/Servlet.class
26-Sep-2012 11:09:22 AM org.apache.catalina.startup.HostConfig deployDirectory
INFO: Deploying web application directory STRUCT2012ModalLogic
26-Sep-2012 11:09:22 AM org.apache.catalina.loader.WebappClassLoader validateJarFile
INFO: validateJarFile(C:\SymposiumPlanner2012\TomcatSP12\webapps\STRUCT2012ModalLogic\WEB-INF\lib\j2ee-1.4.jar) - jar not loaded. See Servlet Spec 2.3, section 9.7.2. Offending class: javax/servlet/Servlet.class
26-Sep-2012 11:09:22 AM org.apache.catalina.startup.HostConfig deployDirectory
INFO: Deploying web application directory STRUCT2012PSOA
26-Sep-2012 11:09:22 AM org.apache.catalina.loader.WebappClassLoader validateJarFile
INFO: validateJarFile(C:\SymposiumPlanner2012\TomcatSP12\webapps\STRUCT2012PSOA\WEB-INF\lib\j2ee-1.4.jar) - jar not loaded. See Servlet Spec 2.3, section 9.7.2. Offending class: javax/servlet/Servlet.class
26-Sep-2012 11:09:22 AM org.apache.catalina.startup.HostConfig deployDirectory
INFO: Deploying web application directory STRUCT2012ReactionRules
26-Sep-2012 11:09:22 AM org.apache.catalina.loader.WebappClassLoader validateJarFile
INFO: validateJarFile(C:\SymposiumPlanner2012\TomcatSP12\webapps\STRUCT2012ReactionRules\WEB-INF\lib\j2ee-1.4.jar) - jar not loaded. See Servlet Spec 2.3, section 9.7.2. Offending class: javax/servlet/Servlet.class
26-Sep-2012 11:09:22 AM org.apache.catalina.startup.HostConfig deployDirectory
INFO: Deploying web application directory STRUCT2012TGAgent
26-Sep-2012 11:09:22 AM org.apache.catalina.loader.WebappClassLoader validateJarFile
INFO: validateJarFile(C:\SymposiumPlanner2012\TomcatSP12\webapps\STRUCT2012TGAgent\WEB-INF\lib\j2ee-1.4.jar) - jar not loaded. See Servlet Spec 2.3, section 9.7.2. Offending class: javax/servlet/Servlet.class
26-Sep-2012 11:09:22 AM org.apache.catalina.startup.HostConfig deployDirectory
INFO: Deploying web application directory STRUCT2012UnCertReason
26-Sep-2012 11:09:22 AM org.apache.catalina.loader.WebappClassLoader validateJarFile
INFO: validateJarFile(C:\SymposiumPlanner2012\TomcatSP12\webapps\STRUCT2012UnCertReason\WEB-INF\lib\j2ee-1.4.jar) - jar not loaded. See Servlet Spec 2.3, section 9.7.2. Offending class: javax/servlet/Servlet.class
26-Sep-2012 11:09:22 AM org.apache.catalina.startup.HostConfig deployDirectory
INFO: Deploying web application directory SymposiumPlannerSystem
26-Sep-2012 11:09:22 AM org.apache.coyote.http11.Http11AprProtocol start
INFO: Starting Coyote HTTP/1.1 on http-8080
26-Sep-2012 11:09:22 AM org.apache.coyote.ajp.AjpAprProtocol start
INFO: Starting Coyote AJP/1.3 on ajp-8009
26-Sep-2012 11:09:22 AM org.apache.catalina.startup.Catalina start
INFO: Server startup in 4208 ms
26-Sep-2012 11:09:52 AM org.apache.coyote.http11.Http11AprProtocol pause
INFO: Pausing Coyote HTTP/1.1 on http-8080
26-Sep-2012 11:09:52 AM org.apache.coyote.ajp.AjpAprProtocol pause
INFO: Pausing Coyote AJP/1.3 on ajp-8009
26-Sep-2012 11:09:53 AM org.apache.catalina.core.StandardService stop
INFO: Stopping service Catalina
26-Sep-2012 11:09:53 AM org.apache.coyote.http11.Http11AprProtocol destroy
INFO: Stopping Coyote HTTP/1.1 on http-8080
26-Sep-2012 11:09:53 AM org.apache.coyote.ajp.AjpAprProtocol destroy
INFO: Stopping Coyote AJP/1.3 on ajp-8009
