8-Aug-2012 5:39:17 AM org.apache.catalina.core.AprLifecycleListener init
INFO: Loaded APR based Apache Tomcat Native library 1.1.22.
8-Aug-2012 5:39:17 AM org.apache.catalina.core.AprLifecycleListener init
INFO: APR capabilities: IPv6 [false], sendfile [true], accept filters [false], random [true].
8-Aug-2012 5:39:20 AM org.apache.coyote.http11.Http11AprProtocol init
INFO: Initializing Coyote HTTP/1.1 on http-8080
8-Aug-2012 5:39:20 AM org.apache.coyote.ajp.AjpAprProtocol init
INFO: Initializing Coyote AJP/1.3 on ajp-8009
8-Aug-2012 5:39:20 AM org.apache.catalina.startup.Catalina load
INFO: Initialization processed in 3868 ms
8-Aug-2012 5:39:20 AM org.apache.catalina.core.StandardService start
INFO: Starting service Catalina
8-Aug-2012 5:39:20 AM org.apache.catalina.core.StandardEngine start
INFO: Starting Servlet Engine: Apache Tomcat/6.0.35
8-Aug-2012 5:39:20 AM org.apache.catalina.startup.HostConfig deployDescriptor
INFO: Deploying configuration descriptor host-manager.xml
8-Aug-2012 5:39:21 AM org.apache.catalina.startup.HostConfig deployDescriptor
INFO: Deploying configuration descriptor manager.xml
8-Aug-2012 5:39:21 AM org.apache.catalina.startup.HostConfig deployDirectory
INFO: Deploying web application directory docs
8-Aug-2012 5:39:21 AM org.apache.catalina.startup.HostConfig deployDirectory
INFO: Deploying web application directory ECAI2012DocSymposiumChair
8-Aug-2012 5:39:22 AM org.apache.catalina.loader.WebappClassLoader validateJarFile
INFO: validateJarFile(C:\SymposiumPlanner2012\TomcatSP12\webapps\ECAI2012DocSymposiumChair\WEB-INF\lib\j2ee-1.4.jar) - jar not loaded. See Servlet Spec 2.3, section 9.7.2. Offending class: javax/servlet/Servlet.class
8-Aug-2012 5:39:22 AM org.apache.catalina.startup.HostConfig deployDirectory
INFO: Deploying web application directory ECAI2012GeneralChair
8-Aug-2012 5:39:22 AM org.apache.catalina.loader.WebappClassLoader validateJarFile
INFO: validateJarFile(C:\SymposiumPlanner2012\TomcatSP12\webapps\ECAI2012GeneralChair\WEB-INF\lib\j2ee-1.4.jar) - jar not loaded. See Servlet Spec 2.3, section 9.7.2. Offending class: javax/servlet/Servlet.class
8-Aug-2012 5:39:22 AM org.apache.catalina.startup.HostConfig deployDirectory
INFO: Deploying web application directory ECAI2012IntlRuleChalChair
8-Aug-2012 5:39:23 AM org.apache.catalina.loader.WebappClassLoader validateJarFile
INFO: validateJarFile(C:\SymposiumPlanner2012\TomcatSP12\webapps\ECAI2012IntlRuleChalChair\WEB-INF\lib\j2ee-1.4.jar) - jar not loaded. See Servlet Spec 2.3, section 9.7.2. Offending class: javax/servlet/Servlet.class
8-Aug-2012 5:39:23 AM org.apache.catalina.startup.HostConfig deployDirectory
INFO: Deploying web application directory ECAI2012IntlRuleChalSteerCommitChair
8-Aug-2012 5:39:23 AM org.apache.catalina.loader.WebappClassLoader validateJarFile
INFO: validateJarFile(C:\SymposiumPlanner2012\TomcatSP12\webapps\ECAI2012IntlRuleChalSteerCommitChair\WEB-INF\lib\j2ee-1.4.jar) - jar not loaded. See Servlet Spec 2.3, section 9.7.2. Offending class: javax/servlet/Servlet.class
8-Aug-2012 5:39:23 AM org.apache.catalina.startup.HostConfig deployDirectory
INFO: Deploying web application directory ECAI2012LiaisonChair
8-Aug-2012 5:39:24 AM org.apache.catalina.loader.WebappClassLoader validateJarFile
INFO: validateJarFile(C:\SymposiumPlanner2012\TomcatSP12\webapps\ECAI2012LiaisonChair\WEB-INF\lib\j2ee-1.4.jar) - jar not loaded. See Servlet Spec 2.3, section 9.7.2. Offending class: javax/servlet/Servlet.class
8-Aug-2012 5:39:24 AM org.apache.catalina.startup.HostConfig deployDirectory
INFO: Deploying web application directory ECAI2012LocalChair
8-Aug-2012 5:39:25 AM org.apache.catalina.loader.WebappClassLoader validateJarFile
INFO: validateJarFile(C:\SymposiumPlanner2012\TomcatSP12\webapps\ECAI2012LocalChair\WEB-INF\lib\j2ee-1.4.jar) - jar not loaded. See Servlet Spec 2.3, section 9.7.2. Offending class: javax/servlet/Servlet.class
8-Aug-2012 5:39:25 AM org.apache.catalina.startup.HostConfig deployDirectory
INFO: Deploying web application directory ECAI2012MetaAndSocialChair
8-Aug-2012 5:39:25 AM org.apache.catalina.loader.WebappClassLoader validateJarFile
INFO: validateJarFile(C:\SymposiumPlanner2012\TomcatSP12\webapps\ECAI2012MetaAndSocialChair\WEB-INF\lib\j2ee-1.4.jar) - jar not loaded. See Servlet Spec 2.3, section 9.7.2. Offending class: javax/servlet/Servlet.class
8-Aug-2012 5:39:25 AM org.apache.catalina.startup.HostConfig deployDirectory
INFO: Deploying web application directory ECAI2012PanelChair
8-Aug-2012 5:39:26 AM org.apache.catalina.loader.WebappClassLoader validateJarFile
INFO: validateJarFile(C:\SymposiumPlanner2012\TomcatSP12\webapps\ECAI2012PanelChair\WEB-INF\lib\j2ee-1.4.jar) - jar not loaded. See Servlet Spec 2.3, section 9.7.2. Offending class: javax/servlet/Servlet.class
8-Aug-2012 5:39:26 AM org.apache.catalina.startup.HostConfig deployDirectory
INFO: Deploying web application directory ECAI2012ProgramChair
8-Aug-2012 5:39:26 AM org.apache.catalina.loader.WebappClassLoader validateJarFile
INFO: validateJarFile(C:\SymposiumPlanner2012\TomcatSP12\webapps\ECAI2012ProgramChair\WEB-INF\lib\j2ee-1.4.jar) - jar not loaded. See Servlet Spec 2.3, section 9.7.2. Offending class: javax/servlet/Servlet.class
8-Aug-2012 5:39:26 AM org.apache.catalina.startup.HostConfig deployDirectory
INFO: Deploying web application directory ECAI2012PublicityChair
8-Aug-2012 5:39:27 AM org.apache.catalina.loader.WebappClassLoader validateJarFile
INFO: validateJarFile(C:\SymposiumPlanner2012\TomcatSP12\webapps\ECAI2012PublicityChair\WEB-INF\lib\j2ee-1.4.jar) - jar not loaded. See Servlet Spec 2.3, section 9.7.2. Offending class: javax/servlet/Servlet.class
8-Aug-2012 5:39:27 AM org.apache.catalina.startup.HostConfig deployDirectory
INFO: Deploying web application directory ECAI2012SteeringChair
8-Aug-2012 5:39:27 AM org.apache.catalina.loader.WebappClassLoader validateJarFile
INFO: validateJarFile(C:\SymposiumPlanner2012\TomcatSP12\webapps\ECAI2012SteeringChair\WEB-INF\lib\j2ee-1.4.jar) - jar not loaded. See Servlet Spec 2.3, section 9.7.2. Offending class: javax/servlet/Servlet.class
8-Aug-2012 5:39:27 AM org.apache.catalina.startup.HostConfig deployDirectory
INFO: Deploying web application directory examples
8-Aug-2012 5:39:28 AM org.apache.catalina.startup.HostConfig deployDirectory
INFO: Deploying web application directory ROOT
8-Aug-2012 5:39:28 AM org.apache.catalina.startup.HostConfig deployDirectory
INFO: Deploying web application directory RuleML-2012-ECAI
8-Aug-2012 5:39:28 AM org.apache.catalina.startup.HostConfig deployDirectory
INFO: Deploying web application directory RuleML-2012-STRUCT
8-Aug-2012 5:39:28 AM org.apache.catalina.startup.HostConfig deployDirectory
INFO: Deploying web application directory STRUCT2012AdvisoryBoard
8-Aug-2012 5:39:28 AM org.apache.catalina.loader.WebappClassLoader validateJarFile
INFO: validateJarFile(C:\SymposiumPlanner2012\TomcatSP12\webapps\STRUCT2012AdvisoryBoard\WEB-INF\lib\j2ee-1.4.jar) - jar not loaded. See Servlet Spec 2.3, section 9.7.2. Offending class: javax/servlet/Servlet.class
8-Aug-2012 5:39:28 AM org.apache.catalina.startup.HostConfig deployDirectory
INFO: Deploying web application directory STRUCT2012CEI
8-Aug-2012 5:39:29 AM org.apache.catalina.loader.WebappClassLoader validateJarFile
INFO: validateJarFile(C:\SymposiumPlanner2012\TomcatSP12\webapps\STRUCT2012CEI\WEB-INF\lib\j2ee-1.4.jar) - jar not loaded. See Servlet Spec 2.3, section 9.7.2. Offending class: javax/servlet/Servlet.class
8-Aug-2012 5:39:29 AM org.apache.catalina.startup.HostConfig deployDirectory
INFO: Deploying web application directory STRUCT2012CoChairs
8-Aug-2012 5:39:29 AM org.apache.catalina.loader.WebappClassLoader validateJarFile
INFO: validateJarFile(C:\SymposiumPlanner2012\TomcatSP12\webapps\STRUCT2012CoChairs\WEB-INF\lib\j2ee-1.4.jar) - jar not loaded. See Servlet Spec 2.3, section 9.7.2. Offending class: javax/servlet/Servlet.class
8-Aug-2012 5:39:29 AM org.apache.catalina.startup.HostConfig deployDirectory
INFO: Deploying web application directory STRUCT2012DefeasibleLogic
8-Aug-2012 5:39:30 AM org.apache.catalina.loader.WebappClassLoader validateJarFile
INFO: validateJarFile(C:\SymposiumPlanner2012\TomcatSP12\webapps\STRUCT2012DefeasibleLogic\WEB-INF\lib\j2ee-1.4.jar) - jar not loaded. See Servlet Spec 2.3, section 9.7.2. Offending class: javax/servlet/Servlet.class
8-Aug-2012 5:39:30 AM org.apache.catalina.startup.HostConfig deployDirectory
INFO: Deploying web application directory STRUCT2012MAS
8-Aug-2012 5:39:30 AM org.apache.catalina.loader.WebappClassLoader validateJarFile
INFO: validateJarFile(C:\SymposiumPlanner2012\TomcatSP12\webapps\STRUCT2012MAS\WEB-INF\lib\j2ee-1.4.jar) - jar not loaded. See Servlet Spec 2.3, section 9.7.2. Offending class: javax/servlet/Servlet.class
8-Aug-2012 5:39:30 AM org.apache.catalina.startup.HostConfig deployDirectory
INFO: Deploying web application directory STRUCT2012ModalLogic
8-Aug-2012 5:39:31 AM org.apache.catalina.loader.WebappClassLoader validateJarFile
INFO: validateJarFile(C:\SymposiumPlanner2012\TomcatSP12\webapps\STRUCT2012ModalLogic\WEB-INF\lib\j2ee-1.4.jar) - jar not loaded. See Servlet Spec 2.3, section 9.7.2. Offending class: javax/servlet/Servlet.class
8-Aug-2012 5:39:31 AM org.apache.catalina.startup.HostConfig deployDirectory
INFO: Deploying web application directory STRUCT2012PSOA
8-Aug-2012 5:39:31 AM org.apache.catalina.loader.WebappClassLoader validateJarFile
INFO: validateJarFile(C:\SymposiumPlanner2012\TomcatSP12\webapps\STRUCT2012PSOA\WEB-INF\lib\j2ee-1.4.jar) - jar not loaded. See Servlet Spec 2.3, section 9.7.2. Offending class: javax/servlet/Servlet.class
8-Aug-2012 5:39:31 AM org.apache.catalina.startup.HostConfig deployDirectory
INFO: Deploying web application directory STRUCT2012ReactionRules
8-Aug-2012 5:39:32 AM org.apache.catalina.loader.WebappClassLoader validateJarFile
INFO: validateJarFile(C:\SymposiumPlanner2012\TomcatSP12\webapps\STRUCT2012ReactionRules\WEB-INF\lib\j2ee-1.4.jar) - jar not loaded. See Servlet Spec 2.3, section 9.7.2. Offending class: javax/servlet/Servlet.class
8-Aug-2012 5:39:32 AM org.apache.catalina.startup.HostConfig deployDirectory
INFO: Deploying web application directory STRUCT2012TGAgent
8-Aug-2012 5:39:32 AM org.apache.catalina.loader.WebappClassLoader validateJarFile
INFO: validateJarFile(C:\SymposiumPlanner2012\TomcatSP12\webapps\STRUCT2012TGAgent\WEB-INF\lib\j2ee-1.4.jar) - jar not loaded. See Servlet Spec 2.3, section 9.7.2. Offending class: javax/servlet/Servlet.class
8-Aug-2012 5:39:32 AM org.apache.catalina.startup.HostConfig deployDirectory
INFO: Deploying web application directory STRUCT2012UnCertReason
8-Aug-2012 5:39:32 AM org.apache.catalina.loader.WebappClassLoader validateJarFile
INFO: validateJarFile(C:\SymposiumPlanner2012\TomcatSP12\webapps\STRUCT2012UnCertReason\WEB-INF\lib\j2ee-1.4.jar) - jar not loaded. See Servlet Spec 2.3, section 9.7.2. Offending class: javax/servlet/Servlet.class
8-Aug-2012 5:39:32 AM org.apache.catalina.startup.HostConfig deployDirectory
INFO: Deploying web application directory SymposiumPlannerSystem
8-Aug-2012 5:39:32 AM org.apache.coyote.http11.Http11AprProtocol start
INFO: Starting Coyote HTTP/1.1 on http-8080
8-Aug-2012 5:39:33 AM org.apache.coyote.ajp.AjpAprProtocol start
INFO: Starting Coyote AJP/1.3 on ajp-8009
8-Aug-2012 5:39:33 AM org.apache.catalina.startup.Catalina start
INFO: Server startup in 12725 ms
8-Aug-2012 5:39:51 AM org.apache.coyote.http11.Http11AprProtocol pause
INFO: Pausing Coyote HTTP/1.1 on http-8080
8-Aug-2012 5:39:51 AM org.apache.coyote.ajp.AjpAprProtocol pause
INFO: Pausing Coyote AJP/1.3 on ajp-8009
8-Aug-2012 5:39:52 AM org.apache.catalina.core.StandardService stop
INFO: Stopping service Catalina
8-Aug-2012 5:39:53 AM org.apache.coyote.http11.Http11AprProtocol destroy
INFO: Stopping Coyote HTTP/1.1 on http-8080
8-Aug-2012 5:39:53 AM org.apache.coyote.ajp.AjpAprProtocol destroy
INFO: Stopping Coyote AJP/1.3 on ajp-8009
