7-Sep-2012 5:29:40 PM org.apache.catalina.core.ApplicationContext log
INFO: Initializing Spring FrameworkServlet 'probe'
7-Sep-2012 5:29:47 PM org.apache.catalina.core.ApplicationContext log
INFO: ContextListener: contextInitialized()
7-Sep-2012 5:29:47 PM org.apache.catalina.core.ApplicationContext log
INFO: SessionListener: contextInitialized()
7-Sep-2012 5:31:02 PM org.apache.catalina.core.ApplicationContext log
INFO: SessionListener: contextDestroyed()
7-Sep-2012 5:31:02 PM org.apache.catalina.core.ApplicationContext log
INFO: ContextListener: contextDestroyed()
7-Sep-2012 5:31:02 PM org.apache.catalina.core.ApplicationContext log
INFO: Destroying Spring FrameworkServlet 'probe'
7-Sep-2012 5:38:29 PM org.apache.catalina.core.ApplicationContext log
INFO: Initializing Spring FrameworkServlet 'probe'
7-Sep-2012 5:38:31 PM org.apache.catalina.core.ApplicationContext log
INFO: ContextListener: contextInitialized()
7-Sep-2012 5:38:31 PM org.apache.catalina.core.ApplicationContext log
INFO: SessionListener: contextInitialized()
7-Sep-2012 5:39:24 PM org.apache.catalina.core.ApplicationContext log
INFO: SessionListener: contextDestroyed()
7-Sep-2012 5:39:24 PM org.apache.catalina.core.ApplicationContext log
INFO: ContextListener: contextDestroyed()
7-Sep-2012 5:39:24 PM org.apache.catalina.core.ApplicationContext log
INFO: Destroying Spring FrameworkServlet 'probe'
7-Sep-2012 5:39:44 PM org.apache.catalina.core.ApplicationContext log
INFO: Initializing Spring FrameworkServlet 'probe'
7-Sep-2012 5:39:47 PM org.apache.catalina.core.ApplicationContext log
INFO: ContextListener: contextInitialized()
7-Sep-2012 5:39:47 PM org.apache.catalina.core.ApplicationContext log
INFO: SessionListener: contextInitialized()
7-Sep-2012 5:40:22 PM org.apache.catalina.core.ApplicationContext log
INFO: SessionListener: contextDestroyed()
7-Sep-2012 5:40:22 PM org.apache.catalina.core.ApplicationContext log
INFO: ContextListener: contextDestroyed()
7-Sep-2012 5:40:22 PM org.apache.catalina.core.ApplicationContext log
INFO: Destroying Spring FrameworkServlet 'probe'
7-Sep-2012 6:00:40 PM org.apache.catalina.core.ApplicationContext log
INFO: Initializing Spring FrameworkServlet 'probe'
7-Sep-2012 6:00:43 PM org.apache.catalina.core.ApplicationContext log
INFO: ContextListener: contextInitialized()
7-Sep-2012 6:00:43 PM org.apache.catalina.core.ApplicationContext log
INFO: SessionListener: contextInitialized()
7-Sep-2012 6:02:45 PM org.apache.catalina.core.ApplicationContext log
INFO: SessionListener: contextDestroyed()
7-Sep-2012 6:02:45 PM org.apache.catalina.core.ApplicationContext log
INFO: ContextListener: contextDestroyed()
7-Sep-2012 6:02:45 PM org.apache.catalina.core.ApplicationContext log
INFO: Destroying Spring FrameworkServlet 'probe'
7-Sep-2012 6:02:48 PM org.apache.catalina.core.ApplicationContext log
INFO: Initializing Spring FrameworkServlet 'probe'
7-Sep-2012 6:02:51 PM org.apache.catalina.core.ApplicationContext log
INFO: ContextListener: contextInitialized()
7-Sep-2012 6:02:51 PM org.apache.catalina.core.ApplicationContext log
INFO: SessionListener: contextInitialized()
7-Sep-2012 6:03:37 PM org.apache.catalina.core.ApplicationContext log
INFO: SessionListener: contextDestroyed()
7-Sep-2012 6:03:37 PM org.apache.catalina.core.ApplicationContext log
INFO: ContextListener: contextDestroyed()
7-Sep-2012 6:03:37 PM org.apache.catalina.core.ApplicationContext log
INFO: Destroying Spring FrameworkServlet 'probe'
