5-Aug-2012 5:48:47 AM org.apache.catalina.core.ApplicationContext log
INFO: ContextListener: contextInitialized()
5-Aug-2012 5:48:47 AM org.apache.catalina.core.ApplicationContext log
INFO: SessionListener: contextInitialized()
5-Aug-2012 5:51:12 AM org.apache.catalina.core.ApplicationContext log
INFO: ContextListener: contextInitialized()
5-Aug-2012 5:51:12 AM org.apache.catalina.core.ApplicationContext log
INFO: SessionListener: contextInitialized()
5-Aug-2012 5:51:14 AM org.apache.catalina.core.ApplicationContext log
INFO: SessionListener: contextDestroyed()
5-Aug-2012 5:51:14 AM org.apache.catalina.core.ApplicationContext log
INFO: ContextListener: contextDestroyed()
5-Aug-2012 5:51:21 AM org.apache.catalina.core.ApplicationContext log
INFO: SessionListener: contextDestroyed()
5-Aug-2012 5:51:21 AM org.apache.catalina.core.ApplicationContext log
INFO: ContextListener: contextDestroyed()
5-Aug-2012 5:51:25 AM org.apache.catalina.core.ApplicationContext log
INFO: ContextListener: contextInitialized()
5-Aug-2012 5:51:25 AM org.apache.catalina.core.ApplicationContext log
INFO: SessionListener: contextInitialized()
5-Aug-2012 5:53:00 AM org.apache.catalina.core.ApplicationContext log
INFO: SessionListener: contextDestroyed()
5-Aug-2012 5:53:00 AM org.apache.catalina.core.ApplicationContext log
INFO: ContextListener: contextDestroyed()
5-Aug-2012 9:23:23 AM org.apache.catalina.core.ApplicationContext log
INFO: ContextListener: contextInitialized()
5-Aug-2012 9:23:23 AM org.apache.catalina.core.ApplicationContext log
INFO: SessionListener: contextInitialized()
5-Aug-2012 9:25:04 AM org.apache.catalina.core.ApplicationContext log
INFO: SessionListener: contextDestroyed()
5-Aug-2012 9:25:04 AM org.apache.catalina.core.ApplicationContext log
INFO: ContextListener: contextDestroyed()
