26-Sep-2012 11:07:02 AM org.apache.catalina.core.ApplicationContext log
INFO: Initializing Spring FrameworkServlet 'probe'
26-Sep-2012 11:07:08 AM org.apache.catalina.core.ApplicationContext log
INFO: ContextListener: contextInitialized()
26-Sep-2012 11:07:08 AM org.apache.catalina.core.ApplicationContext log
INFO: SessionListener: contextInitialized()
26-Sep-2012 11:07:59 AM org.apache.catalina.core.ApplicationContext log
INFO: SessionListener: contextDestroyed()
26-Sep-2012 11:07:59 AM org.apache.catalina.core.ApplicationContext log
INFO: ContextListener: contextDestroyed()
26-Sep-2012 11:07:59 AM org.apache.catalina.core.ApplicationContext log
INFO: Destroying Spring FrameworkServlet 'probe'
26-Sep-2012 11:09:19 AM org.apache.catalina.core.ApplicationContext log
INFO: Initializing Spring FrameworkServlet 'probe'
26-Sep-2012 11:09:21 AM org.apache.catalina.core.ApplicationContext log
INFO: ContextListener: contextInitialized()
26-Sep-2012 11:09:21 AM org.apache.catalina.core.ApplicationContext log
INFO: SessionListener: contextInitialized()
26-Sep-2012 11:09:53 AM org.apache.catalina.core.ApplicationContext log
INFO: SessionListener: contextDestroyed()
26-Sep-2012 11:09:53 AM org.apache.catalina.core.ApplicationContext log
INFO: ContextListener: contextDestroyed()
26-Sep-2012 11:09:53 AM org.apache.catalina.core.ApplicationContext log
INFO: Destroying Spring FrameworkServlet 'probe'
