8-Sep-2012 4:45:37 PM org.apache.catalina.core.ApplicationContext log
INFO: Initializing Spring FrameworkServlet 'probe'
8-Sep-2012 4:45:43 PM org.apache.catalina.core.ApplicationContext log
INFO: ContextListener: contextInitialized()
8-Sep-2012 4:45:43 PM org.apache.catalina.core.ApplicationContext log
INFO: SessionListener: contextInitialized()
8-Sep-2012 4:46:09 PM org.apache.catalina.core.ApplicationContext log
INFO: SessionListener: contextDestroyed()
8-Sep-2012 4:46:09 PM org.apache.catalina.core.ApplicationContext log
INFO: ContextListener: contextDestroyed()
8-Sep-2012 4:46:09 PM org.apache.catalina.core.ApplicationContext log
INFO: Destroying Spring FrameworkServlet 'probe'
8-Sep-2012 5:05:47 PM org.apache.catalina.core.ApplicationContext log
INFO: Initializing Spring FrameworkServlet 'probe'
8-Sep-2012 5:05:49 PM org.apache.catalina.core.ApplicationContext log
INFO: ContextListener: contextInitialized()
8-Sep-2012 5:05:49 PM org.apache.catalina.core.ApplicationContext log
INFO: SessionListener: contextInitialized()
8-Sep-2012 5:09:06 PM org.apache.catalina.core.ApplicationContext log
INFO: SessionListener: contextDestroyed()
8-Sep-2012 5:09:06 PM org.apache.catalina.core.ApplicationContext log
INFO: ContextListener: contextDestroyed()
8-Sep-2012 5:09:06 PM org.apache.catalina.core.ApplicationContext log
INFO: Destroying Spring FrameworkServlet 'probe'
8-Sep-2012 5:09:12 PM org.apache.catalina.core.ApplicationContext log
INFO: Initializing Spring FrameworkServlet 'probe'
8-Sep-2012 5:09:14 PM org.apache.catalina.core.ApplicationContext log
INFO: ContextListener: contextInitialized()
8-Sep-2012 5:09:14 PM org.apache.catalina.core.ApplicationContext log
INFO: SessionListener: contextInitialized()
8-Sep-2012 5:10:39 PM org.apache.catalina.core.ApplicationContext log
INFO: SessionListener: contextDestroyed()
8-Sep-2012 5:10:39 PM org.apache.catalina.core.ApplicationContext log
INFO: ContextListener: contextDestroyed()
8-Sep-2012 5:10:39 PM org.apache.catalina.core.ApplicationContext log
INFO: Destroying Spring FrameworkServlet 'probe'
8-Sep-2012 5:15:52 PM org.apache.catalina.core.ApplicationContext log
INFO: Initializing Spring FrameworkServlet 'probe'
8-Sep-2012 5:15:54 PM org.apache.catalina.core.ApplicationContext log
INFO: ContextListener: contextInitialized()
8-Sep-2012 5:15:54 PM org.apache.catalina.core.ApplicationContext log
INFO: SessionListener: contextInitialized()
8-Sep-2012 5:16:54 PM org.apache.catalina.core.ApplicationContext log
INFO: SessionListener: contextDestroyed()
8-Sep-2012 5:16:54 PM org.apache.catalina.core.ApplicationContext log
INFO: ContextListener: contextDestroyed()
8-Sep-2012 5:16:54 PM org.apache.catalina.core.ApplicationContext log
INFO: Destroying Spring FrameworkServlet 'probe'
8-Sep-2012 5:49:48 PM org.apache.catalina.core.ApplicationContext log
INFO: Initializing Spring FrameworkServlet 'probe'
8-Sep-2012 5:49:51 PM org.apache.catalina.core.ApplicationContext log
INFO: ContextListener: contextInitialized()
8-Sep-2012 5:49:51 PM org.apache.catalina.core.ApplicationContext log
INFO: SessionListener: contextInitialized()
8-Sep-2012 5:50:40 PM org.apache.catalina.core.ApplicationContext log
INFO: SessionListener: contextDestroyed()
8-Sep-2012 5:50:40 PM org.apache.catalina.core.ApplicationContext log
INFO: ContextListener: contextDestroyed()
8-Sep-2012 5:50:40 PM org.apache.catalina.core.ApplicationContext log
INFO: Destroying Spring FrameworkServlet 'probe'
8-Sep-2012 6:30:23 PM org.apache.catalina.core.ApplicationContext log
INFO: Initializing Spring FrameworkServlet 'probe'
8-Sep-2012 6:30:25 PM org.apache.catalina.core.ApplicationContext log
INFO: ContextListener: contextInitialized()
8-Sep-2012 6:30:25 PM org.apache.catalina.core.ApplicationContext log
INFO: SessionListener: contextInitialized()
8-Sep-2012 6:39:34 PM org.apache.catalina.core.ApplicationContext log
INFO: SessionListener: contextDestroyed()
8-Sep-2012 6:39:34 PM org.apache.catalina.core.ApplicationContext log
INFO: ContextListener: contextDestroyed()
8-Sep-2012 6:39:34 PM org.apache.catalina.core.ApplicationContext log
INFO: Destroying Spring FrameworkServlet 'probe'
8-Sep-2012 7:14:51 PM org.apache.catalina.core.ApplicationContext log
INFO: Initializing Spring FrameworkServlet 'probe'
8-Sep-2012 7:14:53 PM org.apache.catalina.core.ApplicationContext log
INFO: ContextListener: contextInitialized()
8-Sep-2012 7:14:53 PM org.apache.catalina.core.ApplicationContext log
INFO: SessionListener: contextInitialized()
8-Sep-2012 7:15:37 PM org.apache.catalina.core.ApplicationContext log
INFO: SessionListener: contextDestroyed()
8-Sep-2012 7:15:37 PM org.apache.catalina.core.ApplicationContext log
INFO: ContextListener: contextDestroyed()
8-Sep-2012 7:15:37 PM org.apache.catalina.core.ApplicationContext log
INFO: Destroying Spring FrameworkServlet 'probe'
8-Sep-2012 7:15:58 PM org.apache.catalina.core.ApplicationContext log
INFO: Initializing Spring FrameworkServlet 'probe'
8-Sep-2012 7:16:00 PM org.apache.catalina.core.ApplicationContext log
INFO: ContextListener: contextInitialized()
8-Sep-2012 7:16:00 PM org.apache.catalina.core.ApplicationContext log
INFO: SessionListener: contextInitialized()
8-Sep-2012 7:16:50 PM org.apache.catalina.core.ApplicationContext log
INFO: SessionListener: contextDestroyed()
8-Sep-2012 7:16:50 PM org.apache.catalina.core.ApplicationContext log
INFO: ContextListener: contextDestroyed()
8-Sep-2012 7:16:50 PM org.apache.catalina.core.ApplicationContext log
INFO: Destroying Spring FrameworkServlet 'probe'
8-Sep-2012 7:25:33 PM org.apache.catalina.core.ApplicationContext log
INFO: Initializing Spring FrameworkServlet 'probe'
8-Sep-2012 7:25:35 PM org.apache.catalina.core.ApplicationContext log
INFO: ContextListener: contextInitialized()
8-Sep-2012 7:25:35 PM org.apache.catalina.core.ApplicationContext log
INFO: SessionListener: contextInitialized()
8-Sep-2012 7:26:28 PM org.apache.catalina.core.ApplicationContext log
INFO: SessionListener: contextDestroyed()
8-Sep-2012 7:26:28 PM org.apache.catalina.core.ApplicationContext log
INFO: ContextListener: contextDestroyed()
8-Sep-2012 7:26:28 PM org.apache.catalina.core.ApplicationContext log
INFO: Destroying Spring FrameworkServlet 'probe'
8-Sep-2012 7:33:40 PM org.apache.catalina.core.ApplicationContext log
INFO: Initializing Spring FrameworkServlet 'probe'
8-Sep-2012 7:33:42 PM org.apache.catalina.core.ApplicationContext log
INFO: ContextListener: contextInitialized()
8-Sep-2012 7:33:42 PM org.apache.catalina.core.ApplicationContext log
INFO: SessionListener: contextInitialized()
8-Sep-2012 7:38:14 PM org.apache.catalina.core.ApplicationContext log
INFO: SessionListener: contextDestroyed()
8-Sep-2012 7:38:14 PM org.apache.catalina.core.ApplicationContext log
INFO: ContextListener: contextDestroyed()
8-Sep-2012 7:38:14 PM org.apache.catalina.core.ApplicationContext log
INFO: Destroying Spring FrameworkServlet 'probe'
8-Sep-2012 7:42:40 PM org.apache.catalina.core.ApplicationContext log
INFO: Initializing Spring FrameworkServlet 'probe'
8-Sep-2012 7:42:43 PM org.apache.catalina.core.ApplicationContext log
INFO: ContextListener: contextInitialized()
8-Sep-2012 7:42:43 PM org.apache.catalina.core.ApplicationContext log
INFO: SessionListener: contextInitialized()
8-Sep-2012 7:44:32 PM org.apache.catalina.core.ApplicationContext log
INFO: SessionListener: contextDestroyed()
8-Sep-2012 7:44:32 PM org.apache.catalina.core.ApplicationContext log
INFO: ContextListener: contextDestroyed()
8-Sep-2012 7:44:32 PM org.apache.catalina.core.ApplicationContext log
INFO: Destroying Spring FrameworkServlet 'probe'
8-Sep-2012 7:44:35 PM org.apache.catalina.core.ApplicationContext log
INFO: Initializing Spring FrameworkServlet 'probe'
8-Sep-2012 7:44:38 PM org.apache.catalina.core.ApplicationContext log
INFO: ContextListener: contextInitialized()
8-Sep-2012 7:44:38 PM org.apache.catalina.core.ApplicationContext log
INFO: SessionListener: contextInitialized()
8-Sep-2012 7:45:52 PM org.apache.catalina.core.ApplicationContext log
INFO: SessionListener: contextDestroyed()
8-Sep-2012 7:45:52 PM org.apache.catalina.core.ApplicationContext log
INFO: ContextListener: contextDestroyed()
8-Sep-2012 7:45:52 PM org.apache.catalina.core.ApplicationContext log
INFO: Destroying Spring FrameworkServlet 'probe'
8-Sep-2012 7:49:10 PM org.apache.catalina.core.ApplicationContext log
INFO: Initializing Spring FrameworkServlet 'probe'
8-Sep-2012 7:49:12 PM org.apache.catalina.core.ApplicationContext log
INFO: ContextListener: contextInitialized()
8-Sep-2012 7:49:12 PM org.apache.catalina.core.ApplicationContext log
INFO: SessionListener: contextInitialized()
8-Sep-2012 7:50:15 PM org.apache.catalina.core.ApplicationContext log
INFO: SessionListener: contextDestroyed()
8-Sep-2012 7:50:15 PM org.apache.catalina.core.ApplicationContext log
INFO: ContextListener: contextDestroyed()
8-Sep-2012 7:50:15 PM org.apache.catalina.core.ApplicationContext log
INFO: Destroying Spring FrameworkServlet 'probe'
8-Sep-2012 7:50:50 PM org.apache.catalina.core.ApplicationContext log
INFO: Initializing Spring FrameworkServlet 'probe'
8-Sep-2012 7:50:52 PM org.apache.catalina.core.ApplicationContext log
INFO: ContextListener: contextInitialized()
8-Sep-2012 7:50:52 PM org.apache.catalina.core.ApplicationContext log
INFO: SessionListener: contextInitialized()
8-Sep-2012 7:51:27 PM org.apache.catalina.core.ApplicationContext log
INFO: SessionListener: contextDestroyed()
8-Sep-2012 7:51:27 PM org.apache.catalina.core.ApplicationContext log
INFO: ContextListener: contextDestroyed()
8-Sep-2012 7:51:27 PM org.apache.catalina.core.ApplicationContext log
INFO: Destroying Spring FrameworkServlet 'probe'
8-Sep-2012 7:51:31 PM org.apache.catalina.core.ApplicationContext log
INFO: Initializing Spring FrameworkServlet 'probe'
8-Sep-2012 7:51:33 PM org.apache.catalina.core.ApplicationContext log
INFO: ContextListener: contextInitialized()
8-Sep-2012 7:51:33 PM org.apache.catalina.core.ApplicationContext log
INFO: SessionListener: contextInitialized()
8-Sep-2012 7:52:27 PM org.apache.catalina.core.ApplicationContext log
INFO: SessionListener: contextDestroyed()
8-Sep-2012 7:52:27 PM org.apache.catalina.core.ApplicationContext log
INFO: ContextListener: contextDestroyed()
8-Sep-2012 7:52:27 PM org.apache.catalina.core.ApplicationContext log
INFO: Destroying Spring FrameworkServlet 'probe'
8-Sep-2012 8:16:12 PM org.apache.catalina.core.ApplicationContext log
INFO: Initializing Spring FrameworkServlet 'probe'
8-Sep-2012 8:16:15 PM org.apache.catalina.core.ApplicationContext log
INFO: ContextListener: contextInitialized()
8-Sep-2012 8:16:15 PM org.apache.catalina.core.ApplicationContext log
INFO: SessionListener: contextInitialized()
8-Sep-2012 8:17:34 PM org.apache.catalina.core.ApplicationContext log
INFO: SessionListener: contextDestroyed()
8-Sep-2012 8:17:34 PM org.apache.catalina.core.ApplicationContext log
INFO: ContextListener: contextDestroyed()
8-Sep-2012 8:17:34 PM org.apache.catalina.core.ApplicationContext log
INFO: Destroying Spring FrameworkServlet 'probe'
8-Sep-2012 8:19:35 PM org.apache.catalina.core.ApplicationContext log
INFO: Initializing Spring FrameworkServlet 'probe'
8-Sep-2012 8:19:38 PM org.apache.catalina.core.ApplicationContext log
INFO: ContextListener: contextInitialized()
8-Sep-2012 8:19:38 PM org.apache.catalina.core.ApplicationContext log
INFO: SessionListener: contextInitialized()
8-Sep-2012 8:25:57 PM org.apache.catalina.core.ApplicationContext log
INFO: SessionListener: contextDestroyed()
8-Sep-2012 8:25:57 PM org.apache.catalina.core.ApplicationContext log
INFO: ContextListener: contextDestroyed()
8-Sep-2012 8:25:57 PM org.apache.catalina.core.ApplicationContext log
INFO: Destroying Spring FrameworkServlet 'probe'
8-Sep-2012 8:26:02 PM org.apache.catalina.core.ApplicationContext log
INFO: Initializing Spring FrameworkServlet 'probe'
8-Sep-2012 8:26:04 PM org.apache.catalina.core.ApplicationContext log
INFO: ContextListener: contextInitialized()
8-Sep-2012 8:26:04 PM org.apache.catalina.core.ApplicationContext log
INFO: SessionListener: contextInitialized()
8-Sep-2012 8:27:02 PM org.apache.catalina.core.ApplicationContext log
INFO: SessionListener: contextDestroyed()
8-Sep-2012 8:27:02 PM org.apache.catalina.core.ApplicationContext log
INFO: ContextListener: contextDestroyed()
8-Sep-2012 8:27:02 PM org.apache.catalina.core.ApplicationContext log
INFO: Destroying Spring FrameworkServlet 'probe'
8-Sep-2012 8:28:05 PM org.apache.catalina.core.ApplicationContext log
INFO: Initializing Spring FrameworkServlet 'probe'
8-Sep-2012 8:28:08 PM org.apache.catalina.core.ApplicationContext log
INFO: ContextListener: contextInitialized()
8-Sep-2012 8:28:08 PM org.apache.catalina.core.ApplicationContext log
INFO: SessionListener: contextInitialized()
8-Sep-2012 8:33:55 PM org.apache.catalina.core.ApplicationContext log
INFO: SessionListener: contextDestroyed()
8-Sep-2012 8:33:55 PM org.apache.catalina.core.ApplicationContext log
INFO: ContextListener: contextDestroyed()
8-Sep-2012 8:33:55 PM org.apache.catalina.core.ApplicationContext log
INFO: Destroying Spring FrameworkServlet 'probe'
