5-Sep-2012 1:04:24 PM org.apache.catalina.core.ApplicationContext log
INFO: Initializing Spring FrameworkServlet 'probe'
5-Sep-2012 1:04:30 PM org.apache.catalina.core.ApplicationContext log
INFO: ContextListener: contextInitialized()
5-Sep-2012 1:04:30 PM org.apache.catalina.core.ApplicationContext log
INFO: SessionListener: contextInitialized()
5-Sep-2012 1:34:26 PM org.apache.catalina.core.ApplicationContext log
INFO: SessionListener: contextDestroyed()
5-Sep-2012 1:34:26 PM org.apache.catalina.core.ApplicationContext log
INFO: ContextListener: contextDestroyed()
5-Sep-2012 1:34:26 PM org.apache.catalina.core.ApplicationContext log
INFO: Destroying Spring FrameworkServlet 'probe'
5-Sep-2012 1:47:17 PM org.apache.catalina.core.ApplicationContext log
INFO: Initializing Spring FrameworkServlet 'probe'
5-Sep-2012 1:47:19 PM org.apache.catalina.core.ApplicationContext log
INFO: ContextListener: contextInitialized()
5-Sep-2012 1:47:19 PM org.apache.catalina.core.ApplicationContext log
INFO: SessionListener: contextInitialized()
5-Sep-2012 1:48:41 PM org.apache.catalina.core.ApplicationContext log
INFO: SessionListener: contextDestroyed()
5-Sep-2012 1:48:41 PM org.apache.catalina.core.ApplicationContext log
INFO: ContextListener: contextDestroyed()
5-Sep-2012 1:48:41 PM org.apache.catalina.core.ApplicationContext log
INFO: Destroying Spring FrameworkServlet 'probe'
5-Sep-2012 2:01:46 PM org.apache.catalina.core.ApplicationContext log
INFO: Initializing Spring FrameworkServlet 'probe'
5-Sep-2012 2:01:48 PM org.apache.catalina.core.ApplicationContext log
INFO: ContextListener: contextInitialized()
5-Sep-2012 2:01:48 PM org.apache.catalina.core.ApplicationContext log
INFO: SessionListener: contextInitialized()
5-Sep-2012 2:08:59 PM org.apache.catalina.core.ApplicationContext log
INFO: SessionListener: contextDestroyed()
5-Sep-2012 2:08:59 PM org.apache.catalina.core.ApplicationContext log
INFO: ContextListener: contextDestroyed()
5-Sep-2012 2:08:59 PM org.apache.catalina.core.ApplicationContext log
INFO: Destroying Spring FrameworkServlet 'probe'
5-Sep-2012 2:13:27 PM org.apache.catalina.core.ApplicationContext log
INFO: Initializing Spring FrameworkServlet 'probe'
5-Sep-2012 2:13:29 PM org.apache.catalina.core.ApplicationContext log
INFO: ContextListener: contextInitialized()
5-Sep-2012 2:13:29 PM org.apache.catalina.core.ApplicationContext log
INFO: SessionListener: contextInitialized()
5-Sep-2012 2:15:12 PM org.apache.catalina.core.ApplicationContext log
INFO: SessionListener: contextDestroyed()
5-Sep-2012 2:15:12 PM org.apache.catalina.core.ApplicationContext log
INFO: ContextListener: contextDestroyed()
5-Sep-2012 2:15:12 PM org.apache.catalina.core.ApplicationContext log
INFO: Destroying Spring FrameworkServlet 'probe'
5-Sep-2012 2:33:01 PM org.apache.catalina.core.ApplicationContext log
INFO: Initializing Spring FrameworkServlet 'probe'
5-Sep-2012 2:33:04 PM org.apache.catalina.core.ApplicationContext log
INFO: ContextListener: contextInitialized()
5-Sep-2012 2:33:04 PM org.apache.catalina.core.ApplicationContext log
INFO: SessionListener: contextInitialized()
5-Sep-2012 2:33:21 PM org.apache.catalina.core.ApplicationContext log
INFO: SessionListener: contextDestroyed()
5-Sep-2012 2:33:21 PM org.apache.catalina.core.ApplicationContext log
INFO: ContextListener: contextDestroyed()
5-Sep-2012 2:33:21 PM org.apache.catalina.core.ApplicationContext log
INFO: Destroying Spring FrameworkServlet 'probe'
5-Sep-2012 2:34:40 PM org.apache.catalina.core.ApplicationContext log
INFO: Initializing Spring FrameworkServlet 'probe'
5-Sep-2012 2:34:43 PM org.apache.catalina.core.ApplicationContext log
INFO: ContextListener: contextInitialized()
5-Sep-2012 2:34:43 PM org.apache.catalina.core.ApplicationContext log
INFO: SessionListener: contextInitialized()
5-Sep-2012 2:58:10 PM org.apache.catalina.core.ApplicationContext log
INFO: SessionListener: contextDestroyed()
5-Sep-2012 2:58:10 PM org.apache.catalina.core.ApplicationContext log
INFO: ContextListener: contextDestroyed()
5-Sep-2012 2:58:10 PM org.apache.catalina.core.ApplicationContext log
INFO: Destroying Spring FrameworkServlet 'probe'
5-Sep-2012 2:58:29 PM org.apache.catalina.core.ApplicationContext log
INFO: Initializing Spring FrameworkServlet 'probe'
5-Sep-2012 2:58:32 PM org.apache.catalina.core.ApplicationContext log
INFO: ContextListener: contextInitialized()
5-Sep-2012 2:58:32 PM org.apache.catalina.core.ApplicationContext log
INFO: SessionListener: contextInitialized()
5-Sep-2012 3:01:11 PM org.apache.catalina.core.ApplicationContext log
INFO: SessionListener: contextDestroyed()
5-Sep-2012 3:01:11 PM org.apache.catalina.core.ApplicationContext log
INFO: ContextListener: contextDestroyed()
5-Sep-2012 3:01:11 PM org.apache.catalina.core.ApplicationContext log
INFO: Destroying Spring FrameworkServlet 'probe'
5-Sep-2012 3:01:15 PM org.apache.catalina.core.ApplicationContext log
INFO: Initializing Spring FrameworkServlet 'probe'
5-Sep-2012 3:01:17 PM org.apache.catalina.core.ApplicationContext log
INFO: ContextListener: contextInitialized()
5-Sep-2012 3:01:17 PM org.apache.catalina.core.ApplicationContext log
INFO: SessionListener: contextInitialized()
5-Sep-2012 3:04:46 PM org.apache.catalina.core.ApplicationContext log
INFO: SessionListener: contextDestroyed()
5-Sep-2012 3:04:46 PM org.apache.catalina.core.ApplicationContext log
INFO: ContextListener: contextDestroyed()
5-Sep-2012 3:04:46 PM org.apache.catalina.core.ApplicationContext log
INFO: Destroying Spring FrameworkServlet 'probe'
